Compilación iniciada a las 28/07/2014 12:32:13 p.m..
     1>Proyecto "C:\Users\Dante\Documents\of_v0.8.0_vs_release\apps\myApps\Cuadrado\Cuadrado.vcxproj" en el nodo 2 (Build destinos).
     1>ClCompile:
         C:\Program Files (x86)\Microsoft Visual Studio 11.0\VC\bin\CL.exe /c /I..\..\..\libs\openFrameworks /I..\..\..\libs\openFrameworks\graphics /I..\..\..\libs\openFrameworks\app /I..\..\..\libs\openFrameworks\sound /I..\..\..\libs\openFrameworks\utils /I..\..\..\libs\openFrameworks\communication /I..\..\..\libs\openFrameworks\video /I..\..\..\libs\openFrameworks\types /I..\..\..\libs\openFrameworks\math /I..\..\..\libs\openFrameworks\3d /I..\..\..\libs\openFrameworks\gl /I..\..\..\libs\openFrameworks\events /I..\..\..\libs\glut\include /I..\..\..\libs\rtAudio\include /I..\..\..\libs\quicktime\include /I..\..\..\libs\freetype\include /I..\..\..\libs\freetype\include\freetype2 /I..\..\..\libs\freeImage\include /I..\..\..\libs\fmodex\include /I..\..\..\libs\videoInput\include /I..\..\..\libs\glew\include\ /I..\..\..\libs\glu\include /I..\..\..\libs\tess2\include /I..\..\..\libs\cairo\include\cairo /I..\..\..\libs\poco\include /I..\..\..\libs\glfw\include /I..\..\..\libs\openssl\include /I..\..\..\addons /ZI /nologo /W3 /WX- /Od /Oy- /D WIN32 /D _DEBUG /D _CONSOLE /D POCO_STATIC /D CAIRO_WIN32_STATIC_BUILD /D DISABLE_SOME_FLOATING_POINT /D _UNICODE /D UNICODE /Gm /EHsc /RTC1 /MDd /GS /fp:precise /Zc:wchar_t /Zc:forScope /Fo"obj\Debug\\" /Fd"obj\Debug\vc110.pdb" /Gd /TP /analyze- /errorReport:prompt src\graphics.cpp
         graphics.cpp
       Link:
         C:\Program Files (x86)\Microsoft Visual Studio 11.0\VC\bin\link.exe /ERRORREPORT:PROMPT /OUT:"bin\Cuadrado_debug.exe" /INCREMENTAL /NOLOGO /LIBPATH:..\..\..\libs\glut\lib\vs /LIBPATH:..\..\..\libs\glfw\lib\vs /LIBPATH:..\..\..\libs\rtAudio\lib\vs /LIBPATH:..\..\..\libs\FreeImage\lib\vs /LIBPATH:..\..\..\libs\freetype\lib\vs /LIBPATH:..\..\..\libs\quicktime\lib\vs /LIBPATH:..\..\..\libs\fmodex\lib\vs /LIBPATH:..\..\..\libs\videoInput\lib\vs /LIBPATH:..\..\..\libs\cairo\lib\vs /LIBPATH:..\..\..\libs\glew\lib\vs /LIBPATH:..\..\..\libs\glu\lib\vs /LIBPATH:..\..\..\libs\openssl\lib\vs /LIBPATH:..\..\..\libs\Poco\lib\vs /LIBPATH:..\..\..\libs\tess2\lib\vs "cairo-static.lib" "pixman-1.lib" msimg32.lib OpenGL32.lib GLu32.lib kernel32.lib setupapi.lib Vfw32.lib comctl32.lib glut32.lib rtAudioD.lib videoInputD.lib libfreetype.lib FreeImage.lib qtmlClient.lib dsound.lib user32.lib gdi32.lib winspool.lib comdlg32.lib advapi32.lib shell32.lib ole32.lib oleaut32.lib uuid.lib glew32s.lib fmodex_vc.lib glu32.lib ssleay32MD.lib libeay32MD.lib crypt32.lib PocoFoundationmdd.lib PocoNetmdd.lib PocoUtilmdd.lib PocoXMLmdd.lib Ws2_32.lib tess2.lib glfw3.lib kernel32.lib user32.lib gdi32.lib winspool.lib comdlg32.lib advapi32.lib shell32.lib ole32.lib oleaut32.lib uuid.lib odbc32.lib odbccp32.lib /NODEFAULTLIB:PocoFoundationmdd.lib /NODEFAULTLIB:atlthunk.lib /NODEFAULTLIB:msvcrt /NODEFAULTLIB:libcmt /NODEFAULTLIB:LIBC /NODEFAULTLIB:LIBCMTD /MANIFEST /MANIFESTUAC:"level='asInvoker' uiAccess='false'" /manifest:embed /DEBUG /PDB:"bin\Cuadrado_debug.pdb" /SUBSYSTEM:CONSOLE /TLBID:1 /DYNAMICBASE:NO /NXCOMPAT /IMPLIB:"bin\Cuadrado_debug.lib" /MACHINE:X86 /SAFESEH obj\Debug\icon.res
         obj\Debug\graphics.obj
         obj\Debug\main.obj
         obj\Debug\testApp.obj
         C:\Users\Dante\Documents\of_v0.8.0_vs_release\libs\openFrameworksCompiled\lib\vs\openframeworksLib_debug.lib
     1>graphics.obj : warning LNK4075: se omite '/EDITANDCONTINUE' debido a la especificaci¾n '/SAFESEH'
            Creando biblioteca bin\Cuadrado_debug.lib y objeto bin\Cuadrado_debug.exp
     1>PocoFoundationmdd.lib(Ascii.obj) : warning LNK4099: no se encontr¾ PDB 'vc110.pdb' con 'PocoFoundationmdd.lib(Ascii.obj)' o en 'C:\Users\Dante\Documents\of_v0.8.0_vs_release\apps\myApps\Cuadrado\bin\vc110.pdb'; se vincularß el objeto sin tener en cuenta informaci¾n de depuraci¾n
     1>PocoFoundationmdd.lib(AtomicCounter.obj) : warning LNK4099: no se encontr¾ PDB 'vc110.pdb' con 'PocoFoundationmdd.lib(AtomicCounter.obj)' o en 'C:\Users\Dante\Documents\of_v0.8.0_vs_release\apps\myApps\Cuadrado\bin\vc110.pdb'; se vincularß el objeto sin tener en cuenta informaci¾n de depuraci¾n
     1>PocoFoundationmdd.lib(Bugcheck.obj) : warning LNK4099: no se encontr¾ PDB 'vc110.pdb' con 'PocoFoundationmdd.lib(Bugcheck.obj)' o en 'C:\Users\Dante\Documents\of_v0.8.0_vs_release\apps\myApps\Cuadrado\bin\vc110.pdb'; se vincularß el objeto sin tener en cuenta informaci¾n de depuraci¾n
     1>PocoFoundationmdd.lib(Debugger.obj) : warning LNK4099: no se encontr¾ PDB 'vc110.pdb' con 'PocoFoundationmdd.lib(Debugger.obj)' o en 'C:\Users\Dante\Documents\of_v0.8.0_vs_release\apps\myApps\Cuadrado\bin\vc110.pdb'; se vincularß el objeto sin tener en cuenta informaci¾n de depuraci¾n
     1>PocoFoundationmdd.lib(Environment.obj) : warning LNK4099: no se encontr¾ PDB 'vc110.pdb' con 'PocoFoundationmdd.lib(Environment.obj)' o en 'C:\Users\Dante\Documents\of_v0.8.0_vs_release\apps\myApps\Cuadrado\bin\vc110.pdb'; se vincularß el objeto sin tener en cuenta informaci¾n de depuraci¾n
     1>PocoFoundationmdd.lib(Exception.obj) : warning LNK4099: no se encontr¾ PDB 'vc110.pdb' con 'PocoFoundationmdd.lib(Exception.obj)' o en 'C:\Users\Dante\Documents\of_v0.8.0_vs_release\apps\myApps\Cuadrado\bin\vc110.pdb'; se vincularß el objeto sin tener en cuenta informaci¾n de depuraci¾n
     1>PocoFoundationmdd.lib(Format.obj) : warning LNK4099: no se encontr¾ PDB 'vc110.pdb' con 'PocoFoundationmdd.lib(Format.obj)' o en 'C:\Users\Dante\Documents\of_v0.8.0_vs_release\apps\myApps\Cuadrado\bin\vc110.pdb'; se vincularß el objeto sin tener en cuenta informaci¾n de depuraci¾n
     1>PocoFoundationmdd.lib(MemoryPool.obj) : warning LNK4099: no se encontr¾ PDB 'vc110.pdb' con 'PocoFoundationmdd.lib(MemoryPool.obj)' o en 'C:\Users\Dante\Documents\of_v0.8.0_vs_release\apps\myApps\Cuadrado\bin\vc110.pdb'; se vincularß el objeto sin tener en cuenta informaci¾n de depuraci¾n
     1>PocoFoundationmdd.lib(NumberFormatter.obj) : warning LNK4099: no se encontr¾ PDB 'vc110.pdb' con 'PocoFoundationmdd.lib(NumberFormatter.obj)' o en 'C:\Users\Dante\Documents\of_v0.8.0_vs_release\apps\myApps\Cuadrado\bin\vc110.pdb'; se vincularß el objeto sin tener en cuenta informaci¾n de depuraci¾n
     1>PocoFoundationmdd.lib(NumberParser.obj) : warning LNK4099: no se encontr¾ PDB 'vc110.pdb' con 'PocoFoundationmdd.lib(NumberParser.obj)' o en 'C:\Users\Dante\Documents\of_v0.8.0_vs_release\apps\myApps\Cuadrado\bin\vc110.pdb'; se vincularß el objeto sin tener en cuenta informaci¾n de depuraci¾n
     1>PocoFoundationmdd.lib(RefCountedObject.obj) : warning LNK4099: no se encontr¾ PDB 'vc110.pdb' con 'PocoFoundationmdd.lib(RefCountedObject.obj)' o en 'C:\Users\Dante\Documents\of_v0.8.0_vs_release\apps\myApps\Cuadrado\bin\vc110.pdb'; se vincularß el objeto sin tener en cuenta informaci¾n de depuraci¾n
     1>PocoFoundationmdd.lib(StringTokenizer.obj) : warning LNK4099: no se encontr¾ PDB 'vc110.pdb' con 'PocoFoundationmdd.lib(StringTokenizer.obj)' o en 'C:\Users\Dante\Documents\of_v0.8.0_vs_release\apps\myApps\Cuadrado\bin\vc110.pdb'; se vincularß el objeto sin tener en cuenta informaci¾n de depuraci¾n
     1>PocoFoundationmdd.lib(Void.obj) : warning LNK4099: no se encontr¾ PDB 'vc110.pdb' con 'PocoFoundationmdd.lib(Void.obj)' o en 'C:\Users\Dante\Documents\of_v0.8.0_vs_release\apps\myApps\Cuadrado\bin\vc110.pdb'; se vincularß el objeto sin tener en cuenta informaci¾n de depuraci¾n
     1>PocoFoundationmdd.lib(Base64Decoder.obj) : warning LNK4099: no se encontr¾ PDB 'vc110.pdb' con 'PocoFoundationmdd.lib(Base64Decoder.obj)' o en 'C:\Users\Dante\Documents\of_v0.8.0_vs_release\apps\myApps\Cuadrado\bin\vc110.pdb'; se vincularß el objeto sin tener en cuenta informaci¾n de depuraci¾n
     1>PocoFoundationmdd.lib(Base64Encoder.obj) : warning LNK4099: no se encontr¾ PDB 'vc110.pdb' con 'PocoFoundationmdd.lib(Base64Encoder.obj)' o en 'C:\Users\Dante\Documents\of_v0.8.0_vs_release\apps\myApps\Cuadrado\bin\vc110.pdb'; se vincularß el objeto sin tener en cuenta informaci¾n de depuraci¾n
     1>PocoFoundationmdd.lib(CountingStream.obj) : warning LNK4099: no se encontr¾ PDB 'vc110.pdb' con 'PocoFoundationmdd.lib(CountingStream.obj)' o en 'C:\Users\Dante\Documents\of_v0.8.0_vs_release\apps\myApps\Cuadrado\bin\vc110.pdb'; se vincularß el objeto sin tener en cuenta informaci¾n de depuraci¾n
     1>PocoFoundationmdd.lib(DeflatingStream.obj) : warning LNK4099: no se encontr¾ PDB 'vc110.pdb' con 'PocoFoundationmdd.lib(DeflatingStream.obj)' o en 'C:\Users\Dante\Documents\of_v0.8.0_vs_release\apps\myApps\Cuadrado\bin\vc110.pdb'; se vincularß el objeto sin tener en cuenta informaci¾n de depuraci¾n
     1>PocoFoundationmdd.lib(FileStream.obj) : warning LNK4099: no se encontr¾ PDB 'vc110.pdb' con 'PocoFoundationmdd.lib(FileStream.obj)' o en 'C:\Users\Dante\Documents\of_v0.8.0_vs_release\apps\myApps\Cuadrado\bin\vc110.pdb'; se vincularß el objeto sin tener en cuenta informaci¾n de depuraci¾n
     1>PocoFoundationmdd.lib(LineEndingConverter.obj) : warning LNK4099: no se encontr¾ PDB 'vc110.pdb' con 'PocoFoundationmdd.lib(LineEndingConverter.obj)' o en 'C:\Users\Dante\Documents\of_v0.8.0_vs_release\apps\myApps\Cuadrado\bin\vc110.pdb'; se vincularß el objeto sin tener en cuenta informaci¾n de depuraci¾n
     1>PocoFoundationmdd.lib(MemoryStream.obj) : warning LNK4099: no se encontr¾ PDB 'vc110.pdb' con 'PocoFoundationmdd.lib(MemoryStream.obj)' o en 'C:\Users\Dante\Documents\of_v0.8.0_vs_release\apps\myApps\Cuadrado\bin\vc110.pdb'; se vincularß el objeto sin tener en cuenta informaci¾n de depuraci¾n
     1>PocoFoundationmdd.lib(NullStream.obj) : warning LNK4099: no se encontr¾ PDB 'vc110.pdb' con 'PocoFoundationmdd.lib(NullStream.obj)' o en 'C:\Users\Dante\Documents\of_v0.8.0_vs_release\apps\myApps\Cuadrado\bin\vc110.pdb'; se vincularß el objeto sin tener en cuenta informaci¾n de depuraci¾n
     1>PocoFoundationmdd.lib(StreamCopier.obj) : warning LNK4099: no se encontr¾ PDB 'vc110.pdb' con 'PocoFoundationmdd.lib(StreamCopier.obj)' o en 'C:\Users\Dante\Documents\of_v0.8.0_vs_release\apps\myApps\Cuadrado\bin\vc110.pdb'; se vincularß el objeto sin tener en cuenta informaci¾n de depuraci¾n
     1>PocoFoundationmdd.lib(adler32.obj) : warning LNK4099: no se encontr¾ PDB 'vc110.pdb' con 'PocoFoundationmdd.lib(adler32.obj)' o en 'C:\Users\Dante\Documents\of_v0.8.0_vs_release\apps\myApps\Cuadrado\bin\vc110.pdb'; se vincularß el objeto sin tener en cuenta informaci¾n de depuraci¾n
     1>PocoFoundationmdd.lib(crc32.obj) : warning LNK4099: no se encontr¾ PDB 'vc110.pdb' con 'PocoFoundationmdd.lib(crc32.obj)' o en 'C:\Users\Dante\Documents\of_v0.8.0_vs_release\apps\myApps\Cuadrado\bin\vc110.pdb'; se vincularß el objeto sin tener en cuenta informaci¾n de depuraci¾n
     1>PocoFoundationmdd.lib(deflate.obj) : warning LNK4099: no se encontr¾ PDB 'vc110.pdb' con 'PocoFoundationmdd.lib(deflate.obj)' o en 'C:\Users\Dante\Documents\of_v0.8.0_vs_release\apps\myApps\Cuadrado\bin\vc110.pdb'; se vincularß el objeto sin tener en cuenta informaci¾n de depuraci¾n
     1>PocoFoundationmdd.lib(trees.obj) : warning LNK4099: no se encontr¾ PDB 'vc110.pdb' con 'PocoFoundationmdd.lib(trees.obj)' o en 'C:\Users\Dante\Documents\of_v0.8.0_vs_release\apps\myApps\Cuadrado\bin\vc110.pdb'; se vincularß el objeto sin tener en cuenta informaci¾n de depuraci¾n
     1>PocoFoundationmdd.lib(zutil.obj) : warning LNK4099: no se encontr¾ PDB 'vc110.pdb' con 'PocoFoundationmdd.lib(zutil.obj)' o en 'C:\Users\Dante\Documents\of_v0.8.0_vs_release\apps\myApps\Cuadrado\bin\vc110.pdb'; se vincularß el objeto sin tener en cuenta informaci¾n de depuraci¾n
     1>PocoFoundationmdd.lib(ActiveDispatcher.obj) : warning LNK4099: no se encontr¾ PDB 'vc110.pdb' con 'PocoFoundationmdd.lib(ActiveDispatcher.obj)' o en 'C:\Users\Dante\Documents\of_v0.8.0_vs_release\apps\myApps\Cuadrado\bin\vc110.pdb'; se vincularß el objeto sin tener en cuenta informaci¾n de depuraci¾n
     1>PocoFoundationmdd.lib(Condition.obj) : warning LNK4099: no se encontr¾ PDB 'vc110.pdb' con 'PocoFoundationmdd.lib(Condition.obj)' o en 'C:\Users\Dante\Documents\of_v0.8.0_vs_release\apps\myApps\Cuadrado\bin\vc110.pdb'; se vincularß el objeto sin tener en cuenta informaci¾n de depuraci¾n
     1>PocoFoundationmdd.lib(ErrorHandler.obj) : warning LNK4099: no se encontr¾ PDB 'vc110.pdb' con 'PocoFoundationmdd.lib(ErrorHandler.obj)' o en 'C:\Users\Dante\Documents\of_v0.8.0_vs_release\apps\myApps\Cuadrado\bin\vc110.pdb'; se vincularß el objeto sin tener en cuenta informaci¾n de depuraci¾n
     1>PocoFoundationmdd.lib(Event.obj) : warning LNK4099: no se encontr¾ PDB 'vc110.pdb' con 'PocoFoundationmdd.lib(Event.obj)' o en 'C:\Users\Dante\Documents\of_v0.8.0_vs_release\apps\myApps\Cuadrado\bin\vc110.pdb'; se vincularß el objeto sin tener en cuenta informaci¾n de depuraci¾n
     1>PocoFoundationmdd.lib(Mutex.obj) : warning LNK4099: no se encontr¾ PDB 'vc110.pdb' con 'PocoFoundationmdd.lib(Mutex.obj)' o en 'C:\Users\Dante\Documents\of_v0.8.0_vs_release\apps\myApps\Cuadrado\bin\vc110.pdb'; se vincularß el objeto sin tener en cuenta informaci¾n de depuraci¾n
     1>PocoFoundationmdd.lib(Runnable.obj) : warning LNK4099: no se encontr¾ PDB 'vc110.pdb' con 'PocoFoundationmdd.lib(Runnable.obj)' o en 'C:\Users\Dante\Documents\of_v0.8.0_vs_release\apps\myApps\Cuadrado\bin\vc110.pdb'; se vincularß el objeto sin tener en cuenta informaci¾n de depuraci¾n
     1>PocoFoundationmdd.lib(RWLock.obj) : warning LNK4099: no se encontr¾ PDB 'vc110.pdb' con 'PocoFoundationmdd.lib(RWLock.obj)' o en 'C:\Users\Dante\Documents\of_v0.8.0_vs_release\apps\myApps\Cuadrado\bin\vc110.pdb'; se vincularß el objeto sin tener en cuenta informaci¾n de depuraci¾n
     1>PocoFoundationmdd.lib(Thread.obj) : warning LNK4099: no se encontr¾ PDB 'vc110.pdb' con 'PocoFoundationmdd.lib(Thread.obj)' o en 'C:\Users\Dante\Documents\of_v0.8.0_vs_release\apps\myApps\Cuadrado\bin\vc110.pdb'; se vincularß el objeto sin tener en cuenta informaci¾n de depuraci¾n
     1>PocoFoundationmdd.lib(ThreadLocal.obj) : warning LNK4099: no se encontr¾ PDB 'vc110.pdb' con 'PocoFoundationmdd.lib(ThreadLocal.obj)' o en 'C:\Users\Dante\Documents\of_v0.8.0_vs_release\apps\myApps\Cuadrado\bin\vc110.pdb'; se vincularß el objeto sin tener en cuenta informaci¾n de depuraci¾n
     1>PocoFoundationmdd.lib(DigestEngine.obj) : warning LNK4099: no se encontr¾ PDB 'vc110.pdb' con 'PocoFoundationmdd.lib(DigestEngine.obj)' o en 'C:\Users\Dante\Documents\of_v0.8.0_vs_release\apps\myApps\Cuadrado\bin\vc110.pdb'; se vincularß el objeto sin tener en cuenta informaci¾n de depuraci¾n
     1>PocoFoundationmdd.lib(MD5Engine.obj) : warning LNK4099: no se encontr¾ PDB 'vc110.pdb' con 'PocoFoundationmdd.lib(MD5Engine.obj)' o en 'C:\Users\Dante\Documents\of_v0.8.0_vs_release\apps\myApps\Cuadrado\bin\vc110.pdb'; se vincularß el objeto sin tener en cuenta informaci¾n de depuraci¾n
     1>PocoFoundationmdd.lib(RandomStream.obj) : warning LNK4099: no se encontr¾ PDB 'vc110.pdb' con 'PocoFoundationmdd.lib(RandomStream.obj)' o en 'C:\Users\Dante\Documents\of_v0.8.0_vs_release\apps\myApps\Cuadrado\bin\vc110.pdb'; se vincularß el objeto sin tener en cuenta informaci¾n de depuraci¾n
     1>PocoFoundationmdd.lib(RegularExpression.obj) : warning LNK4099: no se encontr¾ PDB 'vc110.pdb' con 'PocoFoundationmdd.lib(RegularExpression.obj)' o en 'C:\Users\Dante\Documents\of_v0.8.0_vs_release\apps\myApps\Cuadrado\bin\vc110.pdb'; se vincularß el objeto sin tener en cuenta informaci¾n de depuraci¾n
     1>PocoFoundationmdd.lib(pcre_chartables.obj) : warning LNK4099: no se encontr¾ PDB 'vc110.pdb' con 'PocoFoundationmdd.lib(pcre_chartables.obj)' o en 'C:\Users\Dante\Documents\of_v0.8.0_vs_release\apps\myApps\Cuadrado\bin\vc110.pdb'; se vincularß el objeto sin tener en cuenta informaci¾n de depuraci¾n
     1>PocoFoundationmdd.lib(pcre_compile.obj) : warning LNK4099: no se encontr¾ PDB 'vc110.pdb' con 'PocoFoundationmdd.lib(pcre_compile.obj)' o en 'C:\Users\Dante\Documents\of_v0.8.0_vs_release\apps\myApps\Cuadrado\bin\vc110.pdb'; se vincularß el objeto sin tener en cuenta informaci¾n de depuraci¾n
     1>PocoFoundationmdd.lib(pcre_exec.obj) : warning LNK4099: no se encontr¾ PDB 'vc110.pdb' con 'PocoFoundationmdd.lib(pcre_exec.obj)' o en 'C:\Users\Dante\Documents\of_v0.8.0_vs_release\apps\myApps\Cuadrado\bin\vc110.pdb'; se vincularß el objeto sin tener en cuenta informaci¾n de depuraci¾n
     1>PocoFoundationmdd.lib(pcre_fullinfo.obj) : warning LNK4099: no se encontr¾ PDB 'vc110.pdb' con 'PocoFoundationmdd.lib(pcre_fullinfo.obj)' o en 'C:\Users\Dante\Documents\of_v0.8.0_vs_release\apps\myApps\Cuadrado\bin\vc110.pdb'; se vincularß el objeto sin tener en cuenta informaci¾n de depuraci¾n
     1>PocoFoundationmdd.lib(pcre_globals.obj) : warning LNK4099: no se encontr¾ PDB 'vc110.pdb' con 'PocoFoundationmdd.lib(pcre_globals.obj)' o en 'C:\Users\Dante\Documents\of_v0.8.0_vs_release\apps\myApps\Cuadrado\bin\vc110.pdb'; se vincularß el objeto sin tener en cuenta informaci¾n de depuraci¾n
     1>PocoFoundationmdd.lib(pcre_newline.obj) : warning LNK4099: no se encontr¾ PDB 'vc110.pdb' con 'PocoFoundationmdd.lib(pcre_newline.obj)' o en 'C:\Users\Dante\Documents\of_v0.8.0_vs_release\apps\myApps\Cuadrado\bin\vc110.pdb'; se vincularß el objeto sin tener en cuenta informaci¾n de depuraci¾n
     1>PocoFoundationmdd.lib(pcre_ord2utf8.obj) : warning LNK4099: no se encontr¾ PDB 'vc110.pdb' con 'PocoFoundationmdd.lib(pcre_ord2utf8.obj)' o en 'C:\Users\Dante\Documents\of_v0.8.0_vs_release\apps\myApps\Cuadrado\bin\vc110.pdb'; se vincularß el objeto sin tener en cuenta informaci¾n de depuraci¾n
     1>PocoFoundationmdd.lib(pcre_study.obj) : warning LNK4099: no se encontr¾ PDB 'vc110.pdb' con 'PocoFoundationmdd.lib(pcre_study.obj)' o en 'C:\Users\Dante\Documents\of_v0.8.0_vs_release\apps\myApps\Cuadrado\bin\vc110.pdb'; se vincularß el objeto sin tener en cuenta informaci¾n de depuraci¾n
     1>PocoFoundationmdd.lib(pcre_tables.obj) : warning LNK4099: no se encontr¾ PDB 'vc110.pdb' con 'PocoFoundationmdd.lib(pcre_tables.obj)' o en 'C:\Users\Dante\Documents\of_v0.8.0_vs_release\apps\myApps\Cuadrado\bin\vc110.pdb'; se vincularß el objeto sin tener en cuenta informaci¾n de depuraci¾n
     1>PocoFoundationmdd.lib(pcre_try_flipped.obj) : warning LNK4099: no se encontr¾ PDB 'vc110.pdb' con 'PocoFoundationmdd.lib(pcre_try_flipped.obj)' o en 'C:\Users\Dante\Documents\of_v0.8.0_vs_release\apps\myApps\Cuadrado\bin\vc110.pdb'; se vincularß el objeto sin tener en cuenta informaci¾n de depuraci¾n
     1>PocoFoundationmdd.lib(pcre_ucd.obj) : warning LNK4099: no se encontr¾ PDB 'vc110.pdb' con 'PocoFoundationmdd.lib(pcre_ucd.obj)' o en 'C:\Users\Dante\Documents\of_v0.8.0_vs_release\apps\myApps\Cuadrado\bin\vc110.pdb'; se vincularß el objeto sin tener en cuenta informaci¾n de depuraci¾n
     1>PocoFoundationmdd.lib(pcre_valid_utf8.obj) : warning LNK4099: no se encontr¾ PDB 'vc110.pdb' con 'PocoFoundationmdd.lib(pcre_valid_utf8.obj)' o en 'C:\Users\Dante\Documents\of_v0.8.0_vs_release\apps\myApps\Cuadrado\bin\vc110.pdb'; se vincularß el objeto sin tener en cuenta informaci¾n de depuraci¾n
     1>PocoFoundationmdd.lib(pcre_xclass.obj) : warning LNK4099: no se encontr¾ PDB 'vc110.pdb' con 'PocoFoundationmdd.lib(pcre_xclass.obj)' o en 'C:\Users\Dante\Documents\of_v0.8.0_vs_release\apps\myApps\Cuadrado\bin\vc110.pdb'; se vincularß el objeto sin tener en cuenta informaci¾n de depuraci¾n
     1>PocoFoundationmdd.lib(ArchiveStrategy.obj) : warning LNK4099: no se encontr¾ PDB 'vc110.pdb' con 'PocoFoundationmdd.lib(ArchiveStrategy.obj)' o en 'C:\Users\Dante\Documents\of_v0.8.0_vs_release\apps\myApps\Cuadrado\bin\vc110.pdb'; se vincularß el objeto sin tener en cuenta informaci¾n de depuraci¾n
     1>PocoFoundationmdd.lib(AsyncChannel.obj) : warning LNK4099: no se encontr¾ PDB 'vc110.pdb' con 'PocoFoundationmdd.lib(AsyncChannel.obj)' o en 'C:\Users\Dante\Documents\of_v0.8.0_vs_release\apps\myApps\Cuadrado\bin\vc110.pdb'; se vincularß el objeto sin tener en cuenta informaci¾n de depuraci¾n
     1>PocoFoundationmdd.lib(Channel.obj) : warning LNK4099: no se encontr¾ PDB 'vc110.pdb' con 'PocoFoundationmdd.lib(Channel.obj)' o en 'C:\Users\Dante\Documents\of_v0.8.0_vs_release\apps\myApps\Cuadrado\bin\vc110.pdb'; se vincularß el objeto sin tener en cuenta informaci¾n de depuraci¾n
     1>PocoFoundationmdd.lib(Configurable.obj) : warning LNK4099: no se encontr¾ PDB 'vc110.pdb' con 'PocoFoundationmdd.lib(Configurable.obj)' o en 'C:\Users\Dante\Documents\of_v0.8.0_vs_release\apps\myApps\Cuadrado\bin\vc110.pdb'; se vincularß el objeto sin tener en cuenta informaci¾n de depuraci¾n
     1>PocoFoundationmdd.lib(ConsoleChannel.obj) : warning LNK4099: no se encontr¾ PDB 'vc110.pdb' con 'PocoFoundationmdd.lib(ConsoleChannel.obj)' o en 'C:\Users\Dante\Documents\of_v0.8.0_vs_release\apps\myApps\Cuadrado\bin\vc110.pdb'; se vincularß el objeto sin tener en cuenta informaci¾n de depuraci¾n
     1>PocoFoundationmdd.lib(EventLogChannel.obj) : warning LNK4099: no se encontr¾ PDB 'vc110.pdb' con 'PocoFoundationmdd.lib(EventLogChannel.obj)' o en 'C:\Users\Dante\Documents\of_v0.8.0_vs_release\apps\myApps\Cuadrado\bin\vc110.pdb'; se vincularß el objeto sin tener en cuenta informaci¾n de depuraci¾n
     1>PocoFoundationmdd.lib(FileChannel.obj) : warning LNK4099: no se encontr¾ PDB 'vc110.pdb' con 'PocoFoundationmdd.lib(FileChannel.obj)' o en 'C:\Users\Dante\Documents\of_v0.8.0_vs_release\apps\myApps\Cuadrado\bin\vc110.pdb'; se vincularß el objeto sin tener en cuenta informaci¾n de depuraci¾n
     1>PocoFoundationmdd.lib(Formatter.obj) : warning LNK4099: no se encontr¾ PDB 'vc110.pdb' con 'PocoFoundationmdd.lib(Formatter.obj)' o en 'C:\Users\Dante\Documents\of_v0.8.0_vs_release\apps\myApps\Cuadrado\bin\vc110.pdb'; se vincularß el objeto sin tener en cuenta informaci¾n de depuraci¾n
     1>PocoFoundationmdd.lib(FormattingChannel.obj) : warning LNK4099: no se encontr¾ PDB 'vc110.pdb' con 'PocoFoundationmdd.lib(FormattingChannel.obj)' o en 'C:\Users\Dante\Documents\of_v0.8.0_vs_release\apps\myApps\Cuadrado\bin\vc110.pdb'; se vincularß el objeto sin tener en cuenta informaci¾n de depuraci¾n
     1>PocoFoundationmdd.lib(LogFile.obj) : warning LNK4099: no se encontr¾ PDB 'vc110.pdb' con 'PocoFoundationmdd.lib(LogFile.obj)' o en 'C:\Users\Dante\Documents\of_v0.8.0_vs_release\apps\myApps\Cuadrado\bin\vc110.pdb'; se vincularß el objeto sin tener en cuenta informaci¾n de depuraci¾n
     1>PocoFoundationmdd.lib(Logger.obj) : warning LNK4099: no se encontr¾ PDB 'vc110.pdb' con 'PocoFoundationmdd.lib(Logger.obj)' o en 'C:\Users\Dante\Documents\of_v0.8.0_vs_release\apps\myApps\Cuadrado\bin\vc110.pdb'; se vincularß el objeto sin tener en cuenta informaci¾n de depuraci¾n
     1>PocoFoundationmdd.lib(LoggingFactory.obj) : warning LNK4099: no se encontr¾ PDB 'vc110.pdb' con 'PocoFoundationmdd.lib(LoggingFactory.obj)' o en 'C:\Users\Dante\Documents\of_v0.8.0_vs_release\apps\myApps\Cuadrado\bin\vc110.pdb'; se vincularß el objeto sin tener en cuenta informaci¾n de depuraci¾n
     1>PocoFoundationmdd.lib(LoggingRegistry.obj) : warning LNK4099: no se encontr¾ PDB 'vc110.pdb' con 'PocoFoundationmdd.lib(LoggingRegistry.obj)' o en 'C:\Users\Dante\Documents\of_v0.8.0_vs_release\apps\myApps\Cuadrado\bin\vc110.pdb'; se vincularß el objeto sin tener en cuenta informaci¾n de depuraci¾n
     1>PocoFoundationmdd.lib(Message.obj) : warning LNK4099: no se encontr¾ PDB 'vc110.pdb' con 'PocoFoundationmdd.lib(Message.obj)' o en 'C:\Users\Dante\Documents\of_v0.8.0_vs_release\apps\myApps\Cuadrado\bin\vc110.pdb'; se vincularß el objeto sin tener en cuenta informaci¾n de depuraci¾n
     1>PocoFoundationmdd.lib(NullChannel.obj) : warning LNK4099: no se encontr¾ PDB 'vc110.pdb' con 'PocoFoundationmdd.lib(NullChannel.obj)' o en 'C:\Users\Dante\Documents\of_v0.8.0_vs_release\apps\myApps\Cuadrado\bin\vc110.pdb'; se vincularß el objeto sin tener en cuenta informaci¾n de depuraci¾n
     1>PocoFoundationmdd.lib(PatternFormatter.obj) : warning LNK4099: no se encontr¾ PDB 'vc110.pdb' con 'PocoFoundationmdd.lib(PatternFormatter.obj)' o en 'C:\Users\Dante\Documents\of_v0.8.0_vs_release\apps\myApps\Cuadrado\bin\vc110.pdb'; se vincularß el objeto sin tener en cuenta informaci¾n de depuraci¾n
     1>PocoFoundationmdd.lib(PurgeStrategy.obj) : warning LNK4099: no se encontr¾ PDB 'vc110.pdb' con 'PocoFoundationmdd.lib(PurgeStrategy.obj)' o en 'C:\Users\Dante\Documents\of_v0.8.0_vs_release\apps\myApps\Cuadrado\bin\vc110.pdb'; se vincularß el objeto sin tener en cuenta informaci¾n de depuraci¾n
     1>PocoFoundationmdd.lib(RotateStrategy.obj) : warning LNK4099: no se encontr¾ PDB 'vc110.pdb' con 'PocoFoundationmdd.lib(RotateStrategy.obj)' o en 'C:\Users\Dante\Documents\of_v0.8.0_vs_release\apps\myApps\Cuadrado\bin\vc110.pdb'; se vincularß el objeto sin tener en cuenta informaci¾n de depuraci¾n
     1>PocoFoundationmdd.lib(SplitterChannel.obj) : warning LNK4099: no se encontr¾ PDB 'vc110.pdb' con 'PocoFoundationmdd.lib(SplitterChannel.obj)' o en 'C:\Users\Dante\Documents\of_v0.8.0_vs_release\apps\myApps\Cuadrado\bin\vc110.pdb'; se vincularß el objeto sin tener en cuenta informaci¾n de depuraci¾n
     1>PocoFoundationmdd.lib(WindowsConsoleChannel.obj) : warning LNK4099: no se encontr¾ PDB 'vc110.pdb' con 'PocoFoundationmdd.lib(WindowsConsoleChannel.obj)' o en 'C:\Users\Dante\Documents\of_v0.8.0_vs_release\apps\myApps\Cuadrado\bin\vc110.pdb'; se vincularß el objeto sin tener en cuenta informaci¾n de depuraci¾n
     1>PocoFoundationmdd.lib(Notification.obj) : warning LNK4099: no se encontr¾ PDB 'vc110.pdb' con 'PocoFoundationmdd.lib(Notification.obj)' o en 'C:\Users\Dante\Documents\of_v0.8.0_vs_release\apps\myApps\Cuadrado\bin\vc110.pdb'; se vincularß el objeto sin tener en cuenta informaci¾n de depuraci¾n
     1>PocoFoundationmdd.lib(NotificationCenter.obj) : warning LNK4099: no se encontr¾ PDB 'vc110.pdb' con 'PocoFoundationmdd.lib(NotificationCenter.obj)' o en 'C:\Users\Dante\Documents\of_v0.8.0_vs_release\apps\myApps\Cuadrado\bin\vc110.pdb'; se vincularß el objeto sin tener en cuenta informaci¾n de depuraci¾n
     1>PocoFoundationmdd.lib(NotificationQueue.obj) : warning LNK4099: no se encontr¾ PDB 'vc110.pdb' con 'PocoFoundationmdd.lib(NotificationQueue.obj)' o en 'C:\Users\Dante\Documents\of_v0.8.0_vs_release\apps\myApps\Cuadrado\bin\vc110.pdb'; se vincularß el objeto sin tener en cuenta informaci¾n de depuraci¾n
     1>PocoFoundationmdd.lib(DirectoryIterator.obj) : warning LNK4099: no se encontr¾ PDB 'vc110.pdb' con 'PocoFoundationmdd.lib(DirectoryIterator.obj)' o en 'C:\Users\Dante\Documents\of_v0.8.0_vs_release\apps\myApps\Cuadrado\bin\vc110.pdb'; se vincularß el objeto sin tener en cuenta informaci¾n de depuraci¾n
     1>PocoFoundationmdd.lib(File.obj) : warning LNK4099: no se encontr¾ PDB 'vc110.pdb' con 'PocoFoundationmdd.lib(File.obj)' o en 'C:\Users\Dante\Documents\of_v0.8.0_vs_release\apps\myApps\Cuadrado\bin\vc110.pdb'; se vincularß el objeto sin tener en cuenta informaci¾n de depuraci¾n
     1>PocoFoundationmdd.lib(Path.obj) : warning LNK4099: no se encontr¾ PDB 'vc110.pdb' con 'PocoFoundationmdd.lib(Path.obj)' o en 'C:\Users\Dante\Documents\of_v0.8.0_vs_release\apps\myApps\Cuadrado\bin\vc110.pdb'; se vincularß el objeto sin tener en cuenta informaci¾n de depuraci¾n
     1>PocoFoundationmdd.lib(NamedEvent.obj) : warning LNK4099: no se encontr¾ PDB 'vc110.pdb' con 'PocoFoundationmdd.lib(NamedEvent.obj)' o en 'C:\Users\Dante\Documents\of_v0.8.0_vs_release\apps\myApps\Cuadrado\bin\vc110.pdb'; se vincularß el objeto sin tener en cuenta informaci¾n de depuraci¾n
     1>PocoFoundationmdd.lib(Pipe.obj) : warning LNK4099: no se encontr¾ PDB 'vc110.pdb' con 'PocoFoundationmdd.lib(Pipe.obj)' o en 'C:\Users\Dante\Documents\of_v0.8.0_vs_release\apps\myApps\Cuadrado\bin\vc110.pdb'; se vincularß el objeto sin tener en cuenta informaci¾n de depuraci¾n
     1>PocoFoundationmdd.lib(PipeImpl.obj) : warning LNK4099: no se encontr¾ PDB 'vc110.pdb' con 'PocoFoundationmdd.lib(PipeImpl.obj)' o en 'C:\Users\Dante\Documents\of_v0.8.0_vs_release\apps\myApps\Cuadrado\bin\vc110.pdb'; se vincularß el objeto sin tener en cuenta informaci¾n de depuraci¾n
     1>PocoFoundationmdd.lib(Process.obj) : warning LNK4099: no se encontr¾ PDB 'vc110.pdb' con 'PocoFoundationmdd.lib(Process.obj)' o en 'C:\Users\Dante\Documents\of_v0.8.0_vs_release\apps\myApps\Cuadrado\bin\vc110.pdb'; se vincularß el objeto sin tener en cuenta informaci¾n de depuraci¾n
     1>PocoFoundationmdd.lib(DateTime.obj) : warning LNK4099: no se encontr¾ PDB 'vc110.pdb' con 'PocoFoundationmdd.lib(DateTime.obj)' o en 'C:\Users\Dante\Documents\of_v0.8.0_vs_release\apps\myApps\Cuadrado\bin\vc110.pdb'; se vincularß el objeto sin tener en cuenta informaci¾n de depuraci¾n
     1>PocoFoundationmdd.lib(DateTimeFormat.obj) : warning LNK4099: no se encontr¾ PDB 'vc110.pdb' con 'PocoFoundationmdd.lib(DateTimeFormat.obj)' o en 'C:\Users\Dante\Documents\of_v0.8.0_vs_release\apps\myApps\Cuadrado\bin\vc110.pdb'; se vincularß el objeto sin tener en cuenta informaci¾n de depuraci¾n
     1>PocoFoundationmdd.lib(DateTimeFormatter.obj) : warning LNK4099: no se encontr¾ PDB 'vc110.pdb' con 'PocoFoundationmdd.lib(DateTimeFormatter.obj)' o en 'C:\Users\Dante\Documents\of_v0.8.0_vs_release\apps\myApps\Cuadrado\bin\vc110.pdb'; se vincularß el objeto sin tener en cuenta informaci¾n de depuraci¾n
     1>PocoFoundationmdd.lib(DateTimeParser.obj) : warning LNK4099: no se encontr¾ PDB 'vc110.pdb' con 'PocoFoundationmdd.lib(DateTimeParser.obj)' o en 'C:\Users\Dante\Documents\of_v0.8.0_vs_release\apps\myApps\Cuadrado\bin\vc110.pdb'; se vincularß el objeto sin tener en cuenta informaci¾n de depuraci¾n
     1>PocoFoundationmdd.lib(LocalDateTime.obj) : warning LNK4099: no se encontr¾ PDB 'vc110.pdb' con 'PocoFoundationmdd.lib(LocalDateTime.obj)' o en 'C:\Users\Dante\Documents\of_v0.8.0_vs_release\apps\myApps\Cuadrado\bin\vc110.pdb'; se vincularß el objeto sin tener en cuenta informaci¾n de depuraci¾n
     1>PocoFoundationmdd.lib(Timespan.obj) : warning LNK4099: no se encontr¾ PDB 'vc110.pdb' con 'PocoFoundationmdd.lib(Timespan.obj)' o en 'C:\Users\Dante\Documents\of_v0.8.0_vs_release\apps\myApps\Cuadrado\bin\vc110.pdb'; se vincularß el objeto sin tener en cuenta informaci¾n de depuraci¾n
     1>PocoFoundationmdd.lib(Timestamp.obj) : warning LNK4099: no se encontr¾ PDB 'vc110.pdb' con 'PocoFoundationmdd.lib(Timestamp.obj)' o en 'C:\Users\Dante\Documents\of_v0.8.0_vs_release\apps\myApps\Cuadrado\bin\vc110.pdb'; se vincularß el objeto sin tener en cuenta informaci¾n de depuraci¾n
     1>PocoFoundationmdd.lib(Timezone.obj) : warning LNK4099: no se encontr¾ PDB 'vc110.pdb' con 'PocoFoundationmdd.lib(Timezone.obj)' o en 'C:\Users\Dante\Documents\of_v0.8.0_vs_release\apps\myApps\Cuadrado\bin\vc110.pdb'; se vincularß el objeto sin tener en cuenta informaci¾n de depuraci¾n
     1>PocoFoundationmdd.lib(ASCIIEncoding.obj) : warning LNK4099: no se encontr¾ PDB 'vc110.pdb' con 'PocoFoundationmdd.lib(ASCIIEncoding.obj)' o en 'C:\Users\Dante\Documents\of_v0.8.0_vs_release\apps\myApps\Cuadrado\bin\vc110.pdb'; se vincularß el objeto sin tener en cuenta informaci¾n de depuraci¾n
     1>PocoFoundationmdd.lib(Latin1Encoding.obj) : warning LNK4099: no se encontr¾ PDB 'vc110.pdb' con 'PocoFoundationmdd.lib(Latin1Encoding.obj)' o en 'C:\Users\Dante\Documents\of_v0.8.0_vs_release\apps\myApps\Cuadrado\bin\vc110.pdb'; se vincularß el objeto sin tener en cuenta informaci¾n de depuraci¾n
     1>PocoFoundationmdd.lib(Latin9Encoding.obj) : warning LNK4099: no se encontr¾ PDB 'vc110.pdb' con 'PocoFoundationmdd.lib(Latin9Encoding.obj)' o en 'C:\Users\Dante\Documents\of_v0.8.0_vs_release\apps\myApps\Cuadrado\bin\vc110.pdb'; se vincularß el objeto sin tener en cuenta informaci¾n de depuraci¾n
     1>PocoFoundationmdd.lib(StreamConverter.obj) : warning LNK4099: no se encontr¾ PDB 'vc110.pdb' con 'PocoFoundationmdd.lib(StreamConverter.obj)' o en 'C:\Users\Dante\Documents\of_v0.8.0_vs_release\apps\myApps\Cuadrado\bin\vc110.pdb'; se vincularß el objeto sin tener en cuenta informaci¾n de depuraci¾n
     1>PocoFoundationmdd.lib(TextConverter.obj) : warning LNK4099: no se encontr¾ PDB 'vc110.pdb' con 'PocoFoundationmdd.lib(TextConverter.obj)' o en 'C:\Users\Dante\Documents\of_v0.8.0_vs_release\apps\myApps\Cuadrado\bin\vc110.pdb'; se vincularß el objeto sin tener en cuenta informaci¾n de depuraci¾n
     1>PocoFoundationmdd.lib(TextEncoding.obj) : warning LNK4099: no se encontr¾ PDB 'vc110.pdb' con 'PocoFoundationmdd.lib(TextEncoding.obj)' o en 'C:\Users\Dante\Documents\of_v0.8.0_vs_release\apps\myApps\Cuadrado\bin\vc110.pdb'; se vincularß el objeto sin tener en cuenta informaci¾n de depuraci¾n
     1>PocoFoundationmdd.lib(TextIterator.obj) : warning LNK4099: no se encontr¾ PDB 'vc110.pdb' con 'PocoFoundationmdd.lib(TextIterator.obj)' o en 'C:\Users\Dante\Documents\of_v0.8.0_vs_release\apps\myApps\Cuadrado\bin\vc110.pdb'; se vincularß el objeto sin tener en cuenta informaci¾n de depuraci¾n
     1>PocoFoundationmdd.lib(UnicodeConverter.obj) : warning LNK4099: no se encontr¾ PDB 'vc110.pdb' con 'PocoFoundationmdd.lib(UnicodeConverter.obj)' o en 'C:\Users\Dante\Documents\of_v0.8.0_vs_release\apps\myApps\Cuadrado\bin\vc110.pdb'; se vincularß el objeto sin tener en cuenta informaci¾n de depuraci¾n
     1>PocoFoundationmdd.lib(UTF16Encoding.obj) : warning LNK4099: no se encontr¾ PDB 'vc110.pdb' con 'PocoFoundationmdd.lib(UTF16Encoding.obj)' o en 'C:\Users\Dante\Documents\of_v0.8.0_vs_release\apps\myApps\Cuadrado\bin\vc110.pdb'; se vincularß el objeto sin tener en cuenta informaci¾n de depuraci¾n
     1>PocoFoundationmdd.lib(UTF8Encoding.obj) : warning LNK4099: no se encontr¾ PDB 'vc110.pdb' con 'PocoFoundationmdd.lib(UTF8Encoding.obj)' o en 'C:\Users\Dante\Documents\of_v0.8.0_vs_release\apps\myApps\Cuadrado\bin\vc110.pdb'; se vincularß el objeto sin tener en cuenta informaci¾n de depuraci¾n
     1>PocoFoundationmdd.lib(Windows1252Encoding.obj) : warning LNK4099: no se encontr¾ PDB 'vc110.pdb' con 'PocoFoundationmdd.lib(Windows1252Encoding.obj)' o en 'C:\Users\Dante\Documents\of_v0.8.0_vs_release\apps\myApps\Cuadrado\bin\vc110.pdb'; se vincularß el objeto sin tener en cuenta informaci¾n de depuraci¾n
     1>PocoFoundationmdd.lib(FileStreamFactory.obj) : warning LNK4099: no se encontr¾ PDB 'vc110.pdb' con 'PocoFoundationmdd.lib(FileStreamFactory.obj)' o en 'C:\Users\Dante\Documents\of_v0.8.0_vs_release\apps\myApps\Cuadrado\bin\vc110.pdb'; se vincularß el objeto sin tener en cuenta informaci¾n de depuraci¾n
     1>PocoFoundationmdd.lib(URI.obj) : warning LNK4099: no se encontr¾ PDB 'vc110.pdb' con 'PocoFoundationmdd.lib(URI.obj)' o en 'C:\Users\Dante\Documents\of_v0.8.0_vs_release\apps\myApps\Cuadrado\bin\vc110.pdb'; se vincularß el objeto sin tener en cuenta informaci¾n de depuraci¾n
     1>PocoFoundationmdd.lib(URIStreamFactory.obj) : warning LNK4099: no se encontr¾ PDB 'vc110.pdb' con 'PocoFoundationmdd.lib(URIStreamFactory.obj)' o en 'C:\Users\Dante\Documents\of_v0.8.0_vs_release\apps\myApps\Cuadrado\bin\vc110.pdb'; se vincularß el objeto sin tener en cuenta informaci¾n de depuraci¾n
     1>PocoFoundationmdd.lib(URIStreamOpener.obj) : warning LNK4099: no se encontr¾ PDB 'vc110.pdb' con 'PocoFoundationmdd.lib(URIStreamOpener.obj)' o en 'C:\Users\Dante\Documents\of_v0.8.0_vs_release\apps\myApps\Cuadrado\bin\vc110.pdb'; se vincularß el objeto sin tener en cuenta informaci¾n de depuraci¾n
     1>PocoNetmdd.lib(DNS.obj) : warning LNK4099: no se encontr¾ PDB 'vc110.pdb' con 'PocoNetmdd.lib(DNS.obj)' o en 'C:\Users\Dante\Documents\of_v0.8.0_vs_release\apps\myApps\Cuadrado\bin\vc110.pdb'; se vincularß el objeto sin tener en cuenta informaci¾n de depuraci¾n
     1>PocoNetmdd.lib(HostEntry.obj) : warning LNK4099: no se encontr¾ PDB 'vc110.pdb' con 'PocoNetmdd.lib(HostEntry.obj)' o en 'C:\Users\Dante\Documents\of_v0.8.0_vs_release\apps\myApps\Cuadrado\bin\vc110.pdb'; se vincularß el objeto sin tener en cuenta informaci¾n de depuraci¾n
     1>PocoNetmdd.lib(IPAddress.obj) : warning LNK4099: no se encontr¾ PDB 'vc110.pdb' con 'PocoNetmdd.lib(IPAddress.obj)' o en 'C:\Users\Dante\Documents\of_v0.8.0_vs_release\apps\myApps\Cuadrado\bin\vc110.pdb'; se vincularß el objeto sin tener en cuenta informaci¾n de depuraci¾n
     1>PocoNetmdd.lib(NetException.obj) : warning LNK4099: no se encontr¾ PDB 'vc110.pdb' con 'PocoNetmdd.lib(NetException.obj)' o en 'C:\Users\Dante\Documents\of_v0.8.0_vs_release\apps\myApps\Cuadrado\bin\vc110.pdb'; se vincularß el objeto sin tener en cuenta informaci¾n de depuraci¾n
     1>PocoNetmdd.lib(SocketAddress.obj) : warning LNK4099: no se encontr¾ PDB 'vc110.pdb' con 'PocoNetmdd.lib(SocketAddress.obj)' o en 'C:\Users\Dante\Documents\of_v0.8.0_vs_release\apps\myApps\Cuadrado\bin\vc110.pdb'; se vincularß el objeto sin tener en cuenta informaci¾n de depuraci¾n
     1>PocoNetmdd.lib(Socket.obj) : warning LNK4099: no se encontr¾ PDB 'vc110.pdb' con 'PocoNetmdd.lib(Socket.obj)' o en 'C:\Users\Dante\Documents\of_v0.8.0_vs_release\apps\myApps\Cuadrado\bin\vc110.pdb'; se vincularß el objeto sin tener en cuenta informaci¾n de depuraci¾n
     1>PocoNetmdd.lib(SocketImpl.obj) : warning LNK4099: no se encontr¾ PDB 'vc110.pdb' con 'PocoNetmdd.lib(SocketImpl.obj)' o en 'C:\Users\Dante\Documents\of_v0.8.0_vs_release\apps\myApps\Cuadrado\bin\vc110.pdb'; se vincularß el objeto sin tener en cuenta informaci¾n de depuraci¾n
     1>PocoNetmdd.lib(StreamSocket.obj) : warning LNK4099: no se encontr¾ PDB 'vc110.pdb' con 'PocoNetmdd.lib(StreamSocket.obj)' o en 'C:\Users\Dante\Documents\of_v0.8.0_vs_release\apps\myApps\Cuadrado\bin\vc110.pdb'; se vincularß el objeto sin tener en cuenta informaci¾n de depuraci¾n
     1>PocoNetmdd.lib(StreamSocketImpl.obj) : warning LNK4099: no se encontr¾ PDB 'vc110.pdb' con 'PocoNetmdd.lib(StreamSocketImpl.obj)' o en 'C:\Users\Dante\Documents\of_v0.8.0_vs_release\apps\myApps\Cuadrado\bin\vc110.pdb'; se vincularß el objeto sin tener en cuenta informaci¾n de depuraci¾n
     1>PocoNetmdd.lib(MediaType.obj) : warning LNK4099: no se encontr¾ PDB 'vc110.pdb' con 'PocoNetmdd.lib(MediaType.obj)' o en 'C:\Users\Dante\Documents\of_v0.8.0_vs_release\apps\myApps\Cuadrado\bin\vc110.pdb'; se vincularß el objeto sin tener en cuenta informaci¾n de depuraci¾n
     1>PocoNetmdd.lib(MessageHeader.obj) : warning LNK4099: no se encontr¾ PDB 'vc110.pdb' con 'PocoNetmdd.lib(MessageHeader.obj)' o en 'C:\Users\Dante\Documents\of_v0.8.0_vs_release\apps\myApps\Cuadrado\bin\vc110.pdb'; se vincularß el objeto sin tener en cuenta informaci¾n de depuraci¾n
     1>PocoNetmdd.lib(NameValueCollection.obj) : warning LNK4099: no se encontr¾ PDB 'vc110.pdb' con 'PocoNetmdd.lib(NameValueCollection.obj)' o en 'C:\Users\Dante\Documents\of_v0.8.0_vs_release\apps\myApps\Cuadrado\bin\vc110.pdb'; se vincularß el objeto sin tener en cuenta informaci¾n de depuraci¾n
     1>PocoNetmdd.lib(HTTPAuthenticationParams.obj) : warning LNK4099: no se encontr¾ PDB 'vc110.pdb' con 'PocoNetmdd.lib(HTTPAuthenticationParams.obj)' o en 'C:\Users\Dante\Documents\of_v0.8.0_vs_release\apps\myApps\Cuadrado\bin\vc110.pdb'; se vincularß el objeto sin tener en cuenta informaci¾n de depuraci¾n
     1>PocoNetmdd.lib(HTTPBasicCredentials.obj) : warning LNK4099: no se encontr¾ PDB 'vc110.pdb' con 'PocoNetmdd.lib(HTTPBasicCredentials.obj)' o en 'C:\Users\Dante\Documents\of_v0.8.0_vs_release\apps\myApps\Cuadrado\bin\vc110.pdb'; se vincularß el objeto sin tener en cuenta informaci¾n de depuraci¾n
     1>PocoNetmdd.lib(HTTPBufferAllocator.obj) : warning LNK4099: no se encontr¾ PDB 'vc110.pdb' con 'PocoNetmdd.lib(HTTPBufferAllocator.obj)' o en 'C:\Users\Dante\Documents\of_v0.8.0_vs_release\apps\myApps\Cuadrado\bin\vc110.pdb'; se vincularß el objeto sin tener en cuenta informaci¾n de depuraci¾n
     1>PocoNetmdd.lib(HTTPChunkedStream.obj) : warning LNK4099: no se encontr¾ PDB 'vc110.pdb' con 'PocoNetmdd.lib(HTTPChunkedStream.obj)' o en 'C:\Users\Dante\Documents\of_v0.8.0_vs_release\apps\myApps\Cuadrado\bin\vc110.pdb'; se vincularß el objeto sin tener en cuenta informaci¾n de depuraci¾n
     1>PocoNetmdd.lib(HTTPCookie.obj) : warning LNK4099: no se encontr¾ PDB 'vc110.pdb' con 'PocoNetmdd.lib(HTTPCookie.obj)' o en 'C:\Users\Dante\Documents\of_v0.8.0_vs_release\apps\myApps\Cuadrado\bin\vc110.pdb'; se vincularß el objeto sin tener en cuenta informaci¾n de depuraci¾n
     1>PocoNetmdd.lib(HTTPCredentials.obj) : warning LNK4099: no se encontr¾ PDB 'vc110.pdb' con 'PocoNetmdd.lib(HTTPCredentials.obj)' o en 'C:\Users\Dante\Documents\of_v0.8.0_vs_release\apps\myApps\Cuadrado\bin\vc110.pdb'; se vincularß el objeto sin tener en cuenta informaci¾n de depuraci¾n
     1>PocoNetmdd.lib(HTTPDigestCredentials.obj) : warning LNK4099: no se encontr¾ PDB 'vc110.pdb' con 'PocoNetmdd.lib(HTTPDigestCredentials.obj)' o en 'C:\Users\Dante\Documents\of_v0.8.0_vs_release\apps\myApps\Cuadrado\bin\vc110.pdb'; se vincularß el objeto sin tener en cuenta informaci¾n de depuraci¾n
     1>PocoNetmdd.lib(HTTPFixedLengthStream.obj) : warning LNK4099: no se encontr¾ PDB 'vc110.pdb' con 'PocoNetmdd.lib(HTTPFixedLengthStream.obj)' o en 'C:\Users\Dante\Documents\of_v0.8.0_vs_release\apps\myApps\Cuadrado\bin\vc110.pdb'; se vincularß el objeto sin tener en cuenta informaci¾n de depuraci¾n
     1>PocoNetmdd.lib(HTTPHeaderStream.obj) : warning LNK4099: no se encontr¾ PDB 'vc110.pdb' con 'PocoNetmdd.lib(HTTPHeaderStream.obj)' o en 'C:\Users\Dante\Documents\of_v0.8.0_vs_release\apps\myApps\Cuadrado\bin\vc110.pdb'; se vincularß el objeto sin tener en cuenta informaci¾n de depuraci¾n
     1>PocoNetmdd.lib(HTTPMessage.obj) : warning LNK4099: no se encontr¾ PDB 'vc110.pdb' con 'PocoNetmdd.lib(HTTPMessage.obj)' o en 'C:\Users\Dante\Documents\of_v0.8.0_vs_release\apps\myApps\Cuadrado\bin\vc110.pdb'; se vincularß el objeto sin tener en cuenta informaci¾n de depuraci¾n
     1>PocoNetmdd.lib(HTTPRequest.obj) : warning LNK4099: no se encontr¾ PDB 'vc110.pdb' con 'PocoNetmdd.lib(HTTPRequest.obj)' o en 'C:\Users\Dante\Documents\of_v0.8.0_vs_release\apps\myApps\Cuadrado\bin\vc110.pdb'; se vincularß el objeto sin tener en cuenta informaci¾n de depuraci¾n
     1>PocoNetmdd.lib(HTTPResponse.obj) : warning LNK4099: no se encontr¾ PDB 'vc110.pdb' con 'PocoNetmdd.lib(HTTPResponse.obj)' o en 'C:\Users\Dante\Documents\of_v0.8.0_vs_release\apps\myApps\Cuadrado\bin\vc110.pdb'; se vincularß el objeto sin tener en cuenta informaci¾n de depuraci¾n
     1>PocoNetmdd.lib(HTTPSession.obj) : warning LNK4099: no se encontr¾ PDB 'vc110.pdb' con 'PocoNetmdd.lib(HTTPSession.obj)' o en 'C:\Users\Dante\Documents\of_v0.8.0_vs_release\apps\myApps\Cuadrado\bin\vc110.pdb'; se vincularß el objeto sin tener en cuenta informaci¾n de depuraci¾n
     1>PocoNetmdd.lib(HTTPStream.obj) : warning LNK4099: no se encontr¾ PDB 'vc110.pdb' con 'PocoNetmdd.lib(HTTPStream.obj)' o en 'C:\Users\Dante\Documents\of_v0.8.0_vs_release\apps\myApps\Cuadrado\bin\vc110.pdb'; se vincularß el objeto sin tener en cuenta informaci¾n de depuraci¾n
     1>PocoNetmdd.lib(HTTPClientSession.obj) : warning LNK4099: no se encontr¾ PDB 'vc110.pdb' con 'PocoNetmdd.lib(HTTPClientSession.obj)' o en 'C:\Users\Dante\Documents\of_v0.8.0_vs_release\apps\myApps\Cuadrado\bin\vc110.pdb'; se vincularß el objeto sin tener en cuenta informaci¾n de depuraci¾n
     1>PocoNetmdd.lib(HTTPIOStream.obj) : warning LNK4099: no se encontr¾ PDB 'vc110.pdb' con 'PocoNetmdd.lib(HTTPIOStream.obj)' o en 'C:\Users\Dante\Documents\of_v0.8.0_vs_release\apps\myApps\Cuadrado\bin\vc110.pdb'; se vincularß el objeto sin tener en cuenta informaci¾n de depuraci¾n
     1>PocoNetmdd.lib(HTTPStreamFactory.obj) : warning LNK4099: no se encontr¾ PDB 'vc110.pdb' con 'PocoNetmdd.lib(HTTPStreamFactory.obj)' o en 'C:\Users\Dante\Documents\of_v0.8.0_vs_release\apps\myApps\Cuadrado\bin\vc110.pdb'; se vincularß el objeto sin tener en cuenta informaci¾n de depuraci¾n
     1>PocoUtilmdd.lib(Application.obj) : warning LNK4099: no se encontr¾ PDB 'vc110.pdb' con 'PocoUtilmdd.lib(Application.obj)' o en 'C:\Users\Dante\Documents\of_v0.8.0_vs_release\apps\myApps\Cuadrado\bin\vc110.pdb'; se vincularß el objeto sin tener en cuenta informaci¾n de depuraci¾n
     1>PocoUtilmdd.lib(LoggingSubsystem.obj) : warning LNK4099: no se encontr¾ PDB 'vc110.pdb' con 'PocoUtilmdd.lib(LoggingSubsystem.obj)' o en 'C:\Users\Dante\Documents\of_v0.8.0_vs_release\apps\myApps\Cuadrado\bin\vc110.pdb'; se vincularß el objeto sin tener en cuenta informaci¾n de depuraci¾n
     1>PocoUtilmdd.lib(Subsystem.obj) : warning LNK4099: no se encontr¾ PDB 'vc110.pdb' con 'PocoUtilmdd.lib(Subsystem.obj)' o en 'C:\Users\Dante\Documents\of_v0.8.0_vs_release\apps\myApps\Cuadrado\bin\vc110.pdb'; se vincularß el objeto sin tener en cuenta informaci¾n de depuraci¾n
     1>PocoUtilmdd.lib(AbstractConfiguration.obj) : warning LNK4099: no se encontr¾ PDB 'vc110.pdb' con 'PocoUtilmdd.lib(AbstractConfiguration.obj)' o en 'C:\Users\Dante\Documents\of_v0.8.0_vs_release\apps\myApps\Cuadrado\bin\vc110.pdb'; se vincularß el objeto sin tener en cuenta informaci¾n de depuraci¾n
     1>PocoUtilmdd.lib(ConfigurationView.obj) : warning LNK4099: no se encontr¾ PDB 'vc110.pdb' con 'PocoUtilmdd.lib(ConfigurationView.obj)' o en 'C:\Users\Dante\Documents\of_v0.8.0_vs_release\apps\myApps\Cuadrado\bin\vc110.pdb'; se vincularß el objeto sin tener en cuenta informaci¾n de depuraci¾n
     1>PocoUtilmdd.lib(IniFileConfiguration.obj) : warning LNK4099: no se encontr¾ PDB 'vc110.pdb' con 'PocoUtilmdd.lib(IniFileConfiguration.obj)' o en 'C:\Users\Dante\Documents\of_v0.8.0_vs_release\apps\myApps\Cuadrado\bin\vc110.pdb'; se vincularß el objeto sin tener en cuenta informaci¾n de depuraci¾n
     1>PocoUtilmdd.lib(LayeredConfiguration.obj) : warning LNK4099: no se encontr¾ PDB 'vc110.pdb' con 'PocoUtilmdd.lib(LayeredConfiguration.obj)' o en 'C:\Users\Dante\Documents\of_v0.8.0_vs_release\apps\myApps\Cuadrado\bin\vc110.pdb'; se vincularß el objeto sin tener en cuenta informaci¾n de depuraci¾n
     1>PocoUtilmdd.lib(LoggingConfigurator.obj) : warning LNK4099: no se encontr¾ PDB 'vc110.pdb' con 'PocoUtilmdd.lib(LoggingConfigurator.obj)' o en 'C:\Users\Dante\Documents\of_v0.8.0_vs_release\apps\myApps\Cuadrado\bin\vc110.pdb'; se vincularß el objeto sin tener en cuenta informaci¾n de depuraci¾n
     1>PocoUtilmdd.lib(MapConfiguration.obj) : warning LNK4099: no se encontr¾ PDB 'vc110.pdb' con 'PocoUtilmdd.lib(MapConfiguration.obj)' o en 'C:\Users\Dante\Documents\of_v0.8.0_vs_release\apps\myApps\Cuadrado\bin\vc110.pdb'; se vincularß el objeto sin tener en cuenta informaci¾n de depuraci¾n
     1>PocoUtilmdd.lib(PropertyFileConfiguration.obj) : warning LNK4099: no se encontr¾ PDB 'vc110.pdb' con 'PocoUtilmdd.lib(PropertyFileConfiguration.obj)' o en 'C:\Users\Dante\Documents\of_v0.8.0_vs_release\apps\myApps\Cuadrado\bin\vc110.pdb'; se vincularß el objeto sin tener en cuenta informaci¾n de depuraci¾n
     1>PocoUtilmdd.lib(SystemConfiguration.obj) : warning LNK4099: no se encontr¾ PDB 'vc110.pdb' con 'PocoUtilmdd.lib(SystemConfiguration.obj)' o en 'C:\Users\Dante\Documents\of_v0.8.0_vs_release\apps\myApps\Cuadrado\bin\vc110.pdb'; se vincularß el objeto sin tener en cuenta informaci¾n de depuraci¾n
     1>PocoUtilmdd.lib(XMLConfiguration.obj) : warning LNK4099: no se encontr¾ PDB 'vc110.pdb' con 'PocoUtilmdd.lib(XMLConfiguration.obj)' o en 'C:\Users\Dante\Documents\of_v0.8.0_vs_release\apps\myApps\Cuadrado\bin\vc110.pdb'; se vincularß el objeto sin tener en cuenta informaci¾n de depuraci¾n
     1>PocoUtilmdd.lib(Option.obj) : warning LNK4099: no se encontr¾ PDB 'vc110.pdb' con 'PocoUtilmdd.lib(Option.obj)' o en 'C:\Users\Dante\Documents\of_v0.8.0_vs_release\apps\myApps\Cuadrado\bin\vc110.pdb'; se vincularß el objeto sin tener en cuenta informaci¾n de depuraci¾n
     1>PocoUtilmdd.lib(OptionException.obj) : warning LNK4099: no se encontr¾ PDB 'vc110.pdb' con 'PocoUtilmdd.lib(OptionException.obj)' o en 'C:\Users\Dante\Documents\of_v0.8.0_vs_release\apps\myApps\Cuadrado\bin\vc110.pdb'; se vincularß el objeto sin tener en cuenta informaci¾n de depuraci¾n
     1>PocoUtilmdd.lib(OptionProcessor.obj) : warning LNK4099: no se encontr¾ PDB 'vc110.pdb' con 'PocoUtilmdd.lib(OptionProcessor.obj)' o en 'C:\Users\Dante\Documents\of_v0.8.0_vs_release\apps\myApps\Cuadrado\bin\vc110.pdb'; se vincularß el objeto sin tener en cuenta informaci¾n de depuraci¾n
     1>PocoUtilmdd.lib(OptionSet.obj) : warning LNK4099: no se encontr¾ PDB 'vc110.pdb' con 'PocoUtilmdd.lib(OptionSet.obj)' o en 'C:\Users\Dante\Documents\of_v0.8.0_vs_release\apps\myApps\Cuadrado\bin\vc110.pdb'; se vincularß el objeto sin tener en cuenta informaci¾n de depuraci¾n
     1>PocoXMLmdd.lib(Name.obj) : warning LNK4099: no se encontr¾ PDB 'vc110.pdb' con 'PocoXMLmdd.lib(Name.obj)' o en 'C:\Users\Dante\Documents\of_v0.8.0_vs_release\apps\myApps\Cuadrado\bin\vc110.pdb'; se vincularß el objeto sin tener en cuenta informaci¾n de depuraci¾n
     1>PocoXMLmdd.lib(NamePool.obj) : warning LNK4099: no se encontr¾ PDB 'vc110.pdb' con 'PocoXMLmdd.lib(NamePool.obj)' o en 'C:\Users\Dante\Documents\of_v0.8.0_vs_release\apps\myApps\Cuadrado\bin\vc110.pdb'; se vincularß el objeto sin tener en cuenta informaci¾n de depuraci¾n
     1>PocoXMLmdd.lib(NamespaceStrategy.obj) : warning LNK4099: no se encontr¾ PDB 'vc110.pdb' con 'PocoXMLmdd.lib(NamespaceStrategy.obj)' o en 'C:\Users\Dante\Documents\of_v0.8.0_vs_release\apps\myApps\Cuadrado\bin\vc110.pdb'; se vincularß el objeto sin tener en cuenta informaci¾n de depuraci¾n
     1>PocoXMLmdd.lib(ParserEngine.obj) : warning LNK4099: no se encontr¾ PDB 'vc110.pdb' con 'PocoXMLmdd.lib(ParserEngine.obj)' o en 'C:\Users\Dante\Documents\of_v0.8.0_vs_release\apps\myApps\Cuadrado\bin\vc110.pdb'; se vincularß el objeto sin tener en cuenta informaci¾n de depuraci¾n
     1>PocoXMLmdd.lib(XMLException.obj) : warning LNK4099: no se encontr¾ PDB 'vc110.pdb' con 'PocoXMLmdd.lib(XMLException.obj)' o en 'C:\Users\Dante\Documents\of_v0.8.0_vs_release\apps\myApps\Cuadrado\bin\vc110.pdb'; se vincularß el objeto sin tener en cuenta informaci¾n de depuraci¾n
     1>PocoXMLmdd.lib(XMLWriter.obj) : warning LNK4099: no se encontr¾ PDB 'vc110.pdb' con 'PocoXMLmdd.lib(XMLWriter.obj)' o en 'C:\Users\Dante\Documents\of_v0.8.0_vs_release\apps\myApps\Cuadrado\bin\vc110.pdb'; se vincularß el objeto sin tener en cuenta informaci¾n de depuraci¾n
     1>PocoXMLmdd.lib(Attributes.obj) : warning LNK4099: no se encontr¾ PDB 'vc110.pdb' con 'PocoXMLmdd.lib(Attributes.obj)' o en 'C:\Users\Dante\Documents\of_v0.8.0_vs_release\apps\myApps\Cuadrado\bin\vc110.pdb'; se vincularß el objeto sin tener en cuenta informaci¾n de depuraci¾n
     1>PocoXMLmdd.lib(AttributesImpl.obj) : warning LNK4099: no se encontr¾ PDB 'vc110.pdb' con 'PocoXMLmdd.lib(AttributesImpl.obj)' o en 'C:\Users\Dante\Documents\of_v0.8.0_vs_release\apps\myApps\Cuadrado\bin\vc110.pdb'; se vincularß el objeto sin tener en cuenta informaci¾n de depuraci¾n
     1>PocoXMLmdd.lib(ContentHandler.obj) : warning LNK4099: no se encontr¾ PDB 'vc110.pdb' con 'PocoXMLmdd.lib(ContentHandler.obj)' o en 'C:\Users\Dante\Documents\of_v0.8.0_vs_release\apps\myApps\Cuadrado\bin\vc110.pdb'; se vincularß el objeto sin tener en cuenta informaci¾n de depuraci¾n
     1>PocoXMLmdd.lib(DTDHandler.obj) : warning LNK4099: no se encontr¾ PDB 'vc110.pdb' con 'PocoXMLmdd.lib(DTDHandler.obj)' o en 'C:\Users\Dante\Documents\of_v0.8.0_vs_release\apps\myApps\Cuadrado\bin\vc110.pdb'; se vincularß el objeto sin tener en cuenta informaci¾n de depuraci¾n
     1>PocoXMLmdd.lib(EntityResolver.obj) : warning LNK4099: no se encontr¾ PDB 'vc110.pdb' con 'PocoXMLmdd.lib(EntityResolver.obj)' o en 'C:\Users\Dante\Documents\of_v0.8.0_vs_release\apps\myApps\Cuadrado\bin\vc110.pdb'; se vincularß el objeto sin tener en cuenta informaci¾n de depuraci¾n
     1>PocoXMLmdd.lib(EntityResolverImpl.obj) : warning LNK4099: no se encontr¾ PDB 'vc110.pdb' con 'PocoXMLmdd.lib(EntityResolverImpl.obj)' o en 'C:\Users\Dante\Documents\of_v0.8.0_vs_release\apps\myApps\Cuadrado\bin\vc110.pdb'; se vincularß el objeto sin tener en cuenta informaci¾n de depuraci¾n
     1>PocoXMLmdd.lib(ErrorHandler.obj) : warning LNK4099: no se encontr¾ PDB 'vc110.pdb' con 'PocoXMLmdd.lib(ErrorHandler.obj)' o en 'C:\Users\Dante\Documents\of_v0.8.0_vs_release\apps\myApps\Cuadrado\bin\vc110.pdb'; se vincularß el objeto sin tener en cuenta informaci¾n de depuraci¾n
     1>PocoXMLmdd.lib(InputSource.obj) : warning LNK4099: no se encontr¾ PDB 'vc110.pdb' con 'PocoXMLmdd.lib(InputSource.obj)' o en 'C:\Users\Dante\Documents\of_v0.8.0_vs_release\apps\myApps\Cuadrado\bin\vc110.pdb'; se vincularß el objeto sin tener en cuenta informaci¾n de depuraci¾n
     1>PocoXMLmdd.lib(LexicalHandler.obj) : warning LNK4099: no se encontr¾ PDB 'vc110.pdb' con 'PocoXMLmdd.lib(LexicalHandler.obj)' o en 'C:\Users\Dante\Documents\of_v0.8.0_vs_release\apps\myApps\Cuadrado\bin\vc110.pdb'; se vincularß el objeto sin tener en cuenta informaci¾n de depuraci¾n
     1>PocoXMLmdd.lib(Locator.obj) : warning LNK4099: no se encontr¾ PDB 'vc110.pdb' con 'PocoXMLmdd.lib(Locator.obj)' o en 'C:\Users\Dante\Documents\of_v0.8.0_vs_release\apps\myApps\Cuadrado\bin\vc110.pdb'; se vincularß el objeto sin tener en cuenta informaci¾n de depuraci¾n
     1>PocoXMLmdd.lib(LocatorImpl.obj) : warning LNK4099: no se encontr¾ PDB 'vc110.pdb' con 'PocoXMLmdd.lib(LocatorImpl.obj)' o en 'C:\Users\Dante\Documents\of_v0.8.0_vs_release\apps\myApps\Cuadrado\bin\vc110.pdb'; se vincularß el objeto sin tener en cuenta informaci¾n de depuraci¾n
     1>PocoXMLmdd.lib(NamespaceSupport.obj) : warning LNK4099: no se encontr¾ PDB 'vc110.pdb' con 'PocoXMLmdd.lib(NamespaceSupport.obj)' o en 'C:\Users\Dante\Documents\of_v0.8.0_vs_release\apps\myApps\Cuadrado\bin\vc110.pdb'; se vincularß el objeto sin tener en cuenta informaci¾n de depuraci¾n
     1>PocoXMLmdd.lib(SAXException.obj) : warning LNK4099: no se encontr¾ PDB 'vc110.pdb' con 'PocoXMLmdd.lib(SAXException.obj)' o en 'C:\Users\Dante\Documents\of_v0.8.0_vs_release\apps\myApps\Cuadrado\bin\vc110.pdb'; se vincularß el objeto sin tener en cuenta informaci¾n de depuraci¾n
     1>PocoXMLmdd.lib(SAXParser.obj) : warning LNK4099: no se encontr¾ PDB 'vc110.pdb' con 'PocoXMLmdd.lib(SAXParser.obj)' o en 'C:\Users\Dante\Documents\of_v0.8.0_vs_release\apps\myApps\Cuadrado\bin\vc110.pdb'; se vincularß el objeto sin tener en cuenta informaci¾n de depuraci¾n
     1>PocoXMLmdd.lib(WhitespaceFilter.obj) : warning LNK4099: no se encontr¾ PDB 'vc110.pdb' con 'PocoXMLmdd.lib(WhitespaceFilter.obj)' o en 'C:\Users\Dante\Documents\of_v0.8.0_vs_release\apps\myApps\Cuadrado\bin\vc110.pdb'; se vincularß el objeto sin tener en cuenta informaci¾n de depuraci¾n
     1>PocoXMLmdd.lib(XMLFilter.obj) : warning LNK4099: no se encontr¾ PDB 'vc110.pdb' con 'PocoXMLmdd.lib(XMLFilter.obj)' o en 'C:\Users\Dante\Documents\of_v0.8.0_vs_release\apps\myApps\Cuadrado\bin\vc110.pdb'; se vincularß el objeto sin tener en cuenta informaci¾n de depuraci¾n
     1>PocoXMLmdd.lib(XMLFilterImpl.obj) : warning LNK4099: no se encontr¾ PDB 'vc110.pdb' con 'PocoXMLmdd.lib(XMLFilterImpl.obj)' o en 'C:\Users\Dante\Documents\of_v0.8.0_vs_release\apps\myApps\Cuadrado\bin\vc110.pdb'; se vincularß el objeto sin tener en cuenta informaci¾n de depuraci¾n
     1>PocoXMLmdd.lib(XMLReader.obj) : warning LNK4099: no se encontr¾ PDB 'vc110.pdb' con 'PocoXMLmdd.lib(XMLReader.obj)' o en 'C:\Users\Dante\Documents\of_v0.8.0_vs_release\apps\myApps\Cuadrado\bin\vc110.pdb'; se vincularß el objeto sin tener en cuenta informaci¾n de depuraci¾n
     1>PocoXMLmdd.lib(AbstractContainerNode.obj) : warning LNK4099: no se encontr¾ PDB 'vc110.pdb' con 'PocoXMLmdd.lib(AbstractContainerNode.obj)' o en 'C:\Users\Dante\Documents\of_v0.8.0_vs_release\apps\myApps\Cuadrado\bin\vc110.pdb'; se vincularß el objeto sin tener en cuenta informaci¾n de depuraci¾n
     1>PocoXMLmdd.lib(AbstractNode.obj) : warning LNK4099: no se encontr¾ PDB 'vc110.pdb' con 'PocoXMLmdd.lib(AbstractNode.obj)' o en 'C:\Users\Dante\Documents\of_v0.8.0_vs_release\apps\myApps\Cuadrado\bin\vc110.pdb'; se vincularß el objeto sin tener en cuenta informaci¾n de depuraci¾n
     1>PocoXMLmdd.lib(Attr.obj) : warning LNK4099: no se encontr¾ PDB 'vc110.pdb' con 'PocoXMLmdd.lib(Attr.obj)' o en 'C:\Users\Dante\Documents\of_v0.8.0_vs_release\apps\myApps\Cuadrado\bin\vc110.pdb'; se vincularß el objeto sin tener en cuenta informaci¾n de depuraci¾n
     1>PocoXMLmdd.lib(AttrMap.obj) : warning LNK4099: no se encontr¾ PDB 'vc110.pdb' con 'PocoXMLmdd.lib(AttrMap.obj)' o en 'C:\Users\Dante\Documents\of_v0.8.0_vs_release\apps\myApps\Cuadrado\bin\vc110.pdb'; se vincularß el objeto sin tener en cuenta informaci¾n de depuraci¾n
     1>PocoXMLmdd.lib(CDATASection.obj) : warning LNK4099: no se encontr¾ PDB 'vc110.pdb' con 'PocoXMLmdd.lib(CDATASection.obj)' o en 'C:\Users\Dante\Documents\of_v0.8.0_vs_release\apps\myApps\Cuadrado\bin\vc110.pdb'; se vincularß el objeto sin tener en cuenta informaci¾n de depuraci¾n
     1>PocoXMLmdd.lib(CharacterData.obj) : warning LNK4099: no se encontr¾ PDB 'vc110.pdb' con 'PocoXMLmdd.lib(CharacterData.obj)' o en 'C:\Users\Dante\Documents\of_v0.8.0_vs_release\apps\myApps\Cuadrado\bin\vc110.pdb'; se vincularß el objeto sin tener en cuenta informaci¾n de depuraci¾n
     1>PocoXMLmdd.lib(ChildNodesList.obj) : warning LNK4099: no se encontr¾ PDB 'vc110.pdb' con 'PocoXMLmdd.lib(ChildNodesList.obj)' o en 'C:\Users\Dante\Documents\of_v0.8.0_vs_release\apps\myApps\Cuadrado\bin\vc110.pdb'; se vincularß el objeto sin tener en cuenta informaci¾n de depuraci¾n
     1>PocoXMLmdd.lib(Comment.obj) : warning LNK4099: no se encontr¾ PDB 'vc110.pdb' con 'PocoXMLmdd.lib(Comment.obj)' o en 'C:\Users\Dante\Documents\of_v0.8.0_vs_release\apps\myApps\Cuadrado\bin\vc110.pdb'; se vincularß el objeto sin tener en cuenta informaci¾n de depuraci¾n
     1>PocoXMLmdd.lib(Document.obj) : warning LNK4099: no se encontr¾ PDB 'vc110.pdb' con 'PocoXMLmdd.lib(Document.obj)' o en 'C:\Users\Dante\Documents\of_v0.8.0_vs_release\apps\myApps\Cuadrado\bin\vc110.pdb'; se vincularß el objeto sin tener en cuenta informaci¾n de depuraci¾n
     1>PocoXMLmdd.lib(DocumentEvent.obj) : warning LNK4099: no se encontr¾ PDB 'vc110.pdb' con 'PocoXMLmdd.lib(DocumentEvent.obj)' o en 'C:\Users\Dante\Documents\of_v0.8.0_vs_release\apps\myApps\Cuadrado\bin\vc110.pdb'; se vincularß el objeto sin tener en cuenta informaci¾n de depuraci¾n
     1>PocoXMLmdd.lib(DocumentFragment.obj) : warning LNK4099: no se encontr¾ PDB 'vc110.pdb' con 'PocoXMLmdd.lib(DocumentFragment.obj)' o en 'C:\Users\Dante\Documents\of_v0.8.0_vs_release\apps\myApps\Cuadrado\bin\vc110.pdb'; se vincularß el objeto sin tener en cuenta informaci¾n de depuraci¾n
     1>PocoXMLmdd.lib(DocumentType.obj) : warning LNK4099: no se encontr¾ PDB 'vc110.pdb' con 'PocoXMLmdd.lib(DocumentType.obj)' o en 'C:\Users\Dante\Documents\of_v0.8.0_vs_release\apps\myApps\Cuadrado\bin\vc110.pdb'; se vincularß el objeto sin tener en cuenta informaci¾n de depuraci¾n
     1>PocoXMLmdd.lib(DOMBuilder.obj) : warning LNK4099: no se encontr¾ PDB 'vc110.pdb' con 'PocoXMLmdd.lib(DOMBuilder.obj)' o en 'C:\Users\Dante\Documents\of_v0.8.0_vs_release\apps\myApps\Cuadrado\bin\vc110.pdb'; se vincularß el objeto sin tener en cuenta informaci¾n de depuraci¾n
     1>PocoXMLmdd.lib(DOMException.obj) : warning LNK4099: no se encontr¾ PDB 'vc110.pdb' con 'PocoXMLmdd.lib(DOMException.obj)' o en 'C:\Users\Dante\Documents\of_v0.8.0_vs_release\apps\myApps\Cuadrado\bin\vc110.pdb'; se vincularß el objeto sin tener en cuenta informaci¾n de depuraci¾n
     1>PocoXMLmdd.lib(DOMImplementation.obj) : warning LNK4099: no se encontr¾ PDB 'vc110.pdb' con 'PocoXMLmdd.lib(DOMImplementation.obj)' o en 'C:\Users\Dante\Documents\of_v0.8.0_vs_release\apps\myApps\Cuadrado\bin\vc110.pdb'; se vincularß el objeto sin tener en cuenta informaci¾n de depuraci¾n
     1>PocoXMLmdd.lib(DOMObject.obj) : warning LNK4099: no se encontr¾ PDB 'vc110.pdb' con 'PocoXMLmdd.lib(DOMObject.obj)' o en 'C:\Users\Dante\Documents\of_v0.8.0_vs_release\apps\myApps\Cuadrado\bin\vc110.pdb'; se vincularß el objeto sin tener en cuenta informaci¾n de depuraci¾n
     1>PocoXMLmdd.lib(DOMParser.obj) : warning LNK4099: no se encontr¾ PDB 'vc110.pdb' con 'PocoXMLmdd.lib(DOMParser.obj)' o en 'C:\Users\Dante\Documents\of_v0.8.0_vs_release\apps\myApps\Cuadrado\bin\vc110.pdb'; se vincularß el objeto sin tener en cuenta informaci¾n de depuraci¾n
     1>PocoXMLmdd.lib(DOMSerializer.obj) : warning LNK4099: no se encontr¾ PDB 'vc110.pdb' con 'PocoXMLmdd.lib(DOMSerializer.obj)' o en 'C:\Users\Dante\Documents\of_v0.8.0_vs_release\apps\myApps\Cuadrado\bin\vc110.pdb'; se vincularß el objeto sin tener en cuenta informaci¾n de depuraci¾n
     1>PocoXMLmdd.lib(DOMWriter.obj) : warning LNK4099: no se encontr¾ PDB 'vc110.pdb' con 'PocoXMLmdd.lib(DOMWriter.obj)' o en 'C:\Users\Dante\Documents\of_v0.8.0_vs_release\apps\myApps\Cuadrado\bin\vc110.pdb'; se vincularß el objeto sin tener en cuenta informaci¾n de depuraci¾n
     1>PocoXMLmdd.lib(DTDMap.obj) : warning LNK4099: no se encontr¾ PDB 'vc110.pdb' con 'PocoXMLmdd.lib(DTDMap.obj)' o en 'C:\Users\Dante\Documents\of_v0.8.0_vs_release\apps\myApps\Cuadrado\bin\vc110.pdb'; se vincularß el objeto sin tener en cuenta informaci¾n de depuraci¾n
     1>PocoXMLmdd.lib(Element.obj) : warning LNK4099: no se encontr¾ PDB 'vc110.pdb' con 'PocoXMLmdd.lib(Element.obj)' o en 'C:\Users\Dante\Documents\of_v0.8.0_vs_release\apps\myApps\Cuadrado\bin\vc110.pdb'; se vincularß el objeto sin tener en cuenta informaci¾n de depuraci¾n
     1>PocoXMLmdd.lib(ElementsByTagNameList.obj) : warning LNK4099: no se encontr¾ PDB 'vc110.pdb' con 'PocoXMLmdd.lib(ElementsByTagNameList.obj)' o en 'C:\Users\Dante\Documents\of_v0.8.0_vs_release\apps\myApps\Cuadrado\bin\vc110.pdb'; se vincularß el objeto sin tener en cuenta informaci¾n de depuraci¾n
     1>PocoXMLmdd.lib(Entity.obj) : warning LNK4099: no se encontr¾ PDB 'vc110.pdb' con 'PocoXMLmdd.lib(Entity.obj)' o en 'C:\Users\Dante\Documents\of_v0.8.0_vs_release\apps\myApps\Cuadrado\bin\vc110.pdb'; se vincularß el objeto sin tener en cuenta informaci¾n de depuraci¾n
     1>PocoXMLmdd.lib(EntityReference.obj) : warning LNK4099: no se encontr¾ PDB 'vc110.pdb' con 'PocoXMLmdd.lib(EntityReference.obj)' o en 'C:\Users\Dante\Documents\of_v0.8.0_vs_release\apps\myApps\Cuadrado\bin\vc110.pdb'; se vincularß el objeto sin tener en cuenta informaci¾n de depuraci¾n
     1>PocoXMLmdd.lib(Event.obj) : warning LNK4099: no se encontr¾ PDB 'vc110.pdb' con 'PocoXMLmdd.lib(Event.obj)' o en 'C:\Users\Dante\Documents\of_v0.8.0_vs_release\apps\myApps\Cuadrado\bin\vc110.pdb'; se vincularß el objeto sin tener en cuenta informaci¾n de depuraci¾n
     1>PocoXMLmdd.lib(EventDispatcher.obj) : warning LNK4099: no se encontr¾ PDB 'vc110.pdb' con 'PocoXMLmdd.lib(EventDispatcher.obj)' o en 'C:\Users\Dante\Documents\of_v0.8.0_vs_release\apps\myApps\Cuadrado\bin\vc110.pdb'; se vincularß el objeto sin tener en cuenta informaci¾n de depuraci¾n
     1>PocoXMLmdd.lib(EventException.obj) : warning LNK4099: no se encontr¾ PDB 'vc110.pdb' con 'PocoXMLmdd.lib(EventException.obj)' o en 'C:\Users\Dante\Documents\of_v0.8.0_vs_release\apps\myApps\Cuadrado\bin\vc110.pdb'; se vincularß el objeto sin tener en cuenta informaci¾n de depuraci¾n
     1>PocoXMLmdd.lib(EventTarget.obj) : warning LNK4099: no se encontr¾ PDB 'vc110.pdb' con 'PocoXMLmdd.lib(EventTarget.obj)' o en 'C:\Users\Dante\Documents\of_v0.8.0_vs_release\apps\myApps\Cuadrado\bin\vc110.pdb'; se vincularß el objeto sin tener en cuenta informaci¾n de depuraci¾n
     1>PocoXMLmdd.lib(MutationEvent.obj) : warning LNK4099: no se encontr¾ PDB 'vc110.pdb' con 'PocoXMLmdd.lib(MutationEvent.obj)' o en 'C:\Users\Dante\Documents\of_v0.8.0_vs_release\apps\myApps\Cuadrado\bin\vc110.pdb'; se vincularß el objeto sin tener en cuenta informaci¾n de depuraci¾n
     1>PocoXMLmdd.lib(NamedNodeMap.obj) : warning LNK4099: no se encontr¾ PDB 'vc110.pdb' con 'PocoXMLmdd.lib(NamedNodeMap.obj)' o en 'C:\Users\Dante\Documents\of_v0.8.0_vs_release\apps\myApps\Cuadrado\bin\vc110.pdb'; se vincularß el objeto sin tener en cuenta informaci¾n de depuraci¾n
     1>PocoXMLmdd.lib(Node.obj) : warning LNK4099: no se encontr¾ PDB 'vc110.pdb' con 'PocoXMLmdd.lib(Node.obj)' o en 'C:\Users\Dante\Documents\of_v0.8.0_vs_release\apps\myApps\Cuadrado\bin\vc110.pdb'; se vincularß el objeto sin tener en cuenta informaci¾n de depuraci¾n
     1>PocoXMLmdd.lib(NodeList.obj) : warning LNK4099: no se encontr¾ PDB 'vc110.pdb' con 'PocoXMLmdd.lib(NodeList.obj)' o en 'C:\Users\Dante\Documents\of_v0.8.0_vs_release\apps\myApps\Cuadrado\bin\vc110.pdb'; se vincularß el objeto sin tener en cuenta informaci¾n de depuraci¾n
     1>PocoXMLmdd.lib(Notation.obj) : warning LNK4099: no se encontr¾ PDB 'vc110.pdb' con 'PocoXMLmdd.lib(Notation.obj)' o en 'C:\Users\Dante\Documents\of_v0.8.0_vs_release\apps\myApps\Cuadrado\bin\vc110.pdb'; se vincularß el objeto sin tener en cuenta informaci¾n de depuraci¾n
     1>PocoXMLmdd.lib(ProcessingInstruction.obj) : warning LNK4099: no se encontr¾ PDB 'vc110.pdb' con 'PocoXMLmdd.lib(ProcessingInstruction.obj)' o en 'C:\Users\Dante\Documents\of_v0.8.0_vs_release\apps\myApps\Cuadrado\bin\vc110.pdb'; se vincularß el objeto sin tener en cuenta informaci¾n de depuraci¾n
     1>PocoXMLmdd.lib(Text.obj) : warning LNK4099: no se encontr¾ PDB 'vc110.pdb' con 'PocoXMLmdd.lib(Text.obj)' o en 'C:\Users\Dante\Documents\of_v0.8.0_vs_release\apps\myApps\Cuadrado\bin\vc110.pdb'; se vincularß el objeto sin tener en cuenta informaci¾n de depuraci¾n
     1>PocoXMLmdd.lib(xmlparse.obj) : warning LNK4099: no se encontr¾ PDB 'vc110.pdb' con 'PocoXMLmdd.lib(xmlparse.obj)' o en 'C:\Users\Dante\Documents\of_v0.8.0_vs_release\apps\myApps\Cuadrado\bin\vc110.pdb'; se vincularß el objeto sin tener en cuenta informaci¾n de depuraci¾n
     1>PocoXMLmdd.lib(xmlrole.obj) : warning LNK4099: no se encontr¾ PDB 'vc110.pdb' con 'PocoXMLmdd.lib(xmlrole.obj)' o en 'C:\Users\Dante\Documents\of_v0.8.0_vs_release\apps\myApps\Cuadrado\bin\vc110.pdb'; se vincularß el objeto sin tener en cuenta informaci¾n de depuraci¾n
     1>PocoXMLmdd.lib(xmltok.obj) : warning LNK4099: no se encontr¾ PDB 'vc110.pdb' con 'PocoXMLmdd.lib(xmltok.obj)' o en 'C:\Users\Dante\Documents\of_v0.8.0_vs_release\apps\myApps\Cuadrado\bin\vc110.pdb'; se vincularß el objeto sin tener en cuenta informaci¾n de depuraci¾n
     1>tess2.lib(bucketalloc.obj) : warning LNK4099: no se encontr¾ PDB 'vc110.pdb' con 'tess2.lib(bucketalloc.obj)' o en 'C:\Users\Dante\Documents\of_v0.8.0_vs_release\apps\myApps\Cuadrado\bin\vc110.pdb'; se vincularß el objeto sin tener en cuenta informaci¾n de depuraci¾n
     1>tess2.lib(dict.obj) : warning LNK4099: no se encontr¾ PDB 'vc110.pdb' con 'tess2.lib(dict.obj)' o en 'C:\Users\Dante\Documents\of_v0.8.0_vs_release\apps\myApps\Cuadrado\bin\vc110.pdb'; se vincularß el objeto sin tener en cuenta informaci¾n de depuraci¾n
     1>tess2.lib(geom.obj) : warning LNK4099: no se encontr¾ PDB 'vc110.pdb' con 'tess2.lib(geom.obj)' o en 'C:\Users\Dante\Documents\of_v0.8.0_vs_release\apps\myApps\Cuadrado\bin\vc110.pdb'; se vincularß el objeto sin tener en cuenta informaci¾n de depuraci¾n
     1>tess2.lib(mesh.obj) : warning LNK4099: no se encontr¾ PDB 'vc110.pdb' con 'tess2.lib(mesh.obj)' o en 'C:\Users\Dante\Documents\of_v0.8.0_vs_release\apps\myApps\Cuadrado\bin\vc110.pdb'; se vincularß el objeto sin tener en cuenta informaci¾n de depuraci¾n
     1>tess2.lib(priorityq.obj) : warning LNK4099: no se encontr¾ PDB 'vc110.pdb' con 'tess2.lib(priorityq.obj)' o en 'C:\Users\Dante\Documents\of_v0.8.0_vs_release\apps\myApps\Cuadrado\bin\vc110.pdb'; se vincularß el objeto sin tener en cuenta informaci¾n de depuraci¾n
     1>tess2.lib(sweep.obj) : warning LNK4099: no se encontr¾ PDB 'vc110.pdb' con 'tess2.lib(sweep.obj)' o en 'C:\Users\Dante\Documents\of_v0.8.0_vs_release\apps\myApps\Cuadrado\bin\vc110.pdb'; se vincularß el objeto sin tener en cuenta informaci¾n de depuraci¾n
     1>tess2.lib(tess.obj) : warning LNK4099: no se encontr¾ PDB 'vc110.pdb' con 'tess2.lib(tess.obj)' o en 'C:\Users\Dante\Documents\of_v0.8.0_vs_release\apps\myApps\Cuadrado\bin\vc110.pdb'; se vincularß el objeto sin tener en cuenta informaci¾n de depuraci¾n
     1>PocoNetSSLmdd.lib(AcceptCertificateHandler.obj) : warning LNK4099: no se encontr¾ PDB 'vc110.pdb' con 'PocoNetSSLmdd.lib(AcceptCertificateHandler.obj)' o en 'C:\Users\Dante\Documents\of_v0.8.0_vs_release\apps\myApps\Cuadrado\bin\vc110.pdb'; se vincularß el objeto sin tener en cuenta informaci¾n de depuraci¾n
     1>PocoNetSSLmdd.lib(CertificateHandlerFactory.obj) : warning LNK4099: no se encontr¾ PDB 'vc110.pdb' con 'PocoNetSSLmdd.lib(CertificateHandlerFactory.obj)' o en 'C:\Users\Dante\Documents\of_v0.8.0_vs_release\apps\myApps\Cuadrado\bin\vc110.pdb'; se vincularß el objeto sin tener en cuenta informaci¾n de depuraci¾n
     1>PocoNetSSLmdd.lib(CertificateHandlerFactoryMgr.obj) : warning LNK4099: no se encontr¾ PDB 'vc110.pdb' con 'PocoNetSSLmdd.lib(CertificateHandlerFactoryMgr.obj)' o en 'C:\Users\Dante\Documents\of_v0.8.0_vs_release\apps\myApps\Cuadrado\bin\vc110.pdb'; se vincularß el objeto sin tener en cuenta informaci¾n de depuraci¾n
     1>PocoNetSSLmdd.lib(ConsoleCertificateHandler.obj) : warning LNK4099: no se encontr¾ PDB 'vc110.pdb' con 'PocoNetSSLmdd.lib(ConsoleCertificateHandler.obj)' o en 'C:\Users\Dante\Documents\of_v0.8.0_vs_release\apps\myApps\Cuadrado\bin\vc110.pdb'; se vincularß el objeto sin tener en cuenta informaci¾n de depuraci¾n
     1>PocoNetSSLmdd.lib(Context.obj) : warning LNK4099: no se encontr¾ PDB 'vc110.pdb' con 'PocoNetSSLmdd.lib(Context.obj)' o en 'C:\Users\Dante\Documents\of_v0.8.0_vs_release\apps\myApps\Cuadrado\bin\vc110.pdb'; se vincularß el objeto sin tener en cuenta informaci¾n de depuraci¾n
     1>PocoNetSSLmdd.lib(InvalidCertificateHandler.obj) : warning LNK4099: no se encontr¾ PDB 'vc110.pdb' con 'PocoNetSSLmdd.lib(InvalidCertificateHandler.obj)' o en 'C:\Users\Dante\Documents\of_v0.8.0_vs_release\apps\myApps\Cuadrado\bin\vc110.pdb'; se vincularß el objeto sin tener en cuenta informaci¾n de depuraci¾n
     1>PocoNetSSLmdd.lib(KeyConsoleHandler.obj) : warning LNK4099: no se encontr¾ PDB 'vc110.pdb' con 'PocoNetSSLmdd.lib(KeyConsoleHandler.obj)' o en 'C:\Users\Dante\Documents\of_v0.8.0_vs_release\apps\myApps\Cuadrado\bin\vc110.pdb'; se vincularß el objeto sin tener en cuenta informaci¾n de depuraci¾n
     1>PocoNetSSLmdd.lib(KeyFileHandler.obj) : warning LNK4099: no se encontr¾ PDB 'vc110.pdb' con 'PocoNetSSLmdd.lib(KeyFileHandler.obj)' o en 'C:\Users\Dante\Documents\of_v0.8.0_vs_release\apps\myApps\Cuadrado\bin\vc110.pdb'; se vincularß el objeto sin tener en cuenta informaci¾n de depuraci¾n
     1>PocoNetSSLmdd.lib(PrivateKeyFactory.obj) : warning LNK4099: no se encontr¾ PDB 'vc110.pdb' con 'PocoNetSSLmdd.lib(PrivateKeyFactory.obj)' o en 'C:\Users\Dante\Documents\of_v0.8.0_vs_release\apps\myApps\Cuadrado\bin\vc110.pdb'; se vincularß el objeto sin tener en cuenta informaci¾n de depuraci¾n
     1>PocoNetSSLmdd.lib(PrivateKeyFactoryMgr.obj) : warning LNK4099: no se encontr¾ PDB 'vc110.pdb' con 'PocoNetSSLmdd.lib(PrivateKeyFactoryMgr.obj)' o en 'C:\Users\Dante\Documents\of_v0.8.0_vs_release\apps\myApps\Cuadrado\bin\vc110.pdb'; se vincularß el objeto sin tener en cuenta informaci¾n de depuraci¾n
     1>PocoNetSSLmdd.lib(PrivateKeyPassphraseHandler.obj) : warning LNK4099: no se encontr¾ PDB 'vc110.pdb' con 'PocoNetSSLmdd.lib(PrivateKeyPassphraseHandler.obj)' o en 'C:\Users\Dante\Documents\of_v0.8.0_vs_release\apps\myApps\Cuadrado\bin\vc110.pdb'; se vincularß el objeto sin tener en cuenta informaci¾n de depuraci¾n
     1>PocoNetSSLmdd.lib(RejectCertificateHandler.obj) : warning LNK4099: no se encontr¾ PDB 'vc110.pdb' con 'PocoNetSSLmdd.lib(RejectCertificateHandler.obj)' o en 'C:\Users\Dante\Documents\of_v0.8.0_vs_release\apps\myApps\Cuadrado\bin\vc110.pdb'; se vincularß el objeto sin tener en cuenta informaci¾n de depuraci¾n
     1>PocoNetSSLmdd.lib(Session.obj) : warning LNK4099: no se encontr¾ PDB 'vc110.pdb' con 'PocoNetSSLmdd.lib(Session.obj)' o en 'C:\Users\Dante\Documents\of_v0.8.0_vs_release\apps\myApps\Cuadrado\bin\vc110.pdb'; se vincularß el objeto sin tener en cuenta informaci¾n de depuraci¾n
     1>PocoNetSSLmdd.lib(SSLException.obj) : warning LNK4099: no se encontr¾ PDB 'vc110.pdb' con 'PocoNetSSLmdd.lib(SSLException.obj)' o en 'C:\Users\Dante\Documents\of_v0.8.0_vs_release\apps\myApps\Cuadrado\bin\vc110.pdb'; se vincularß el objeto sin tener en cuenta informaci¾n de depuraci¾n
     1>PocoNetSSLmdd.lib(SSLManager.obj) : warning LNK4099: no se encontr¾ PDB 'vc110.pdb' con 'PocoNetSSLmdd.lib(SSLManager.obj)' o en 'C:\Users\Dante\Documents\of_v0.8.0_vs_release\apps\myApps\Cuadrado\bin\vc110.pdb'; se vincularß el objeto sin tener en cuenta informaci¾n de depuraci¾n
     1>PocoNetSSLmdd.lib(Utility.obj) : warning LNK4099: no se encontr¾ PDB 'vc110.pdb' con 'PocoNetSSLmdd.lib(Utility.obj)' o en 'C:\Users\Dante\Documents\of_v0.8.0_vs_release\apps\myApps\Cuadrado\bin\vc110.pdb'; se vincularß el objeto sin tener en cuenta informaci¾n de depuraci¾n
     1>PocoNetSSLmdd.lib(VerificationErrorArgs.obj) : warning LNK4099: no se encontr¾ PDB 'vc110.pdb' con 'PocoNetSSLmdd.lib(VerificationErrorArgs.obj)' o en 'C:\Users\Dante\Documents\of_v0.8.0_vs_release\apps\myApps\Cuadrado\bin\vc110.pdb'; se vincularß el objeto sin tener en cuenta informaci¾n de depuraci¾n
     1>PocoNetSSLmdd.lib(X509Certificate.obj) : warning LNK4099: no se encontr¾ PDB 'vc110.pdb' con 'PocoNetSSLmdd.lib(X509Certificate.obj)' o en 'C:\Users\Dante\Documents\of_v0.8.0_vs_release\apps\myApps\Cuadrado\bin\vc110.pdb'; se vincularß el objeto sin tener en cuenta informaci¾n de depuraci¾n
     1>PocoNetSSLmdd.lib(HTTPSClientSession.obj) : warning LNK4099: no se encontr¾ PDB 'vc110.pdb' con 'PocoNetSSLmdd.lib(HTTPSClientSession.obj)' o en 'C:\Users\Dante\Documents\of_v0.8.0_vs_release\apps\myApps\Cuadrado\bin\vc110.pdb'; se vincularß el objeto sin tener en cuenta informaci¾n de depuraci¾n
     1>PocoNetSSLmdd.lib(HTTPSStreamFactory.obj) : warning LNK4099: no se encontr¾ PDB 'vc110.pdb' con 'PocoNetSSLmdd.lib(HTTPSStreamFactory.obj)' o en 'C:\Users\Dante\Documents\of_v0.8.0_vs_release\apps\myApps\Cuadrado\bin\vc110.pdb'; se vincularß el objeto sin tener en cuenta informaci¾n de depuraci¾n
     1>PocoNetSSLmdd.lib(SecureSocketImpl.obj) : warning LNK4099: no se encontr¾ PDB 'vc110.pdb' con 'PocoNetSSLmdd.lib(SecureSocketImpl.obj)' o en 'C:\Users\Dante\Documents\of_v0.8.0_vs_release\apps\myApps\Cuadrado\bin\vc110.pdb'; se vincularß el objeto sin tener en cuenta informaci¾n de depuraci¾n
     1>PocoNetSSLmdd.lib(SecureStreamSocket.obj) : warning LNK4099: no se encontr¾ PDB 'vc110.pdb' con 'PocoNetSSLmdd.lib(SecureStreamSocket.obj)' o en 'C:\Users\Dante\Documents\of_v0.8.0_vs_release\apps\myApps\Cuadrado\bin\vc110.pdb'; se vincularß el objeto sin tener en cuenta informaci¾n de depuraci¾n
     1>PocoNetSSLmdd.lib(SecureStreamSocketImpl.obj) : warning LNK4099: no se encontr¾ PDB 'vc110.pdb' con 'PocoNetSSLmdd.lib(SecureStreamSocketImpl.obj)' o en 'C:\Users\Dante\Documents\of_v0.8.0_vs_release\apps\myApps\Cuadrado\bin\vc110.pdb'; se vincularß el objeto sin tener en cuenta informaci¾n de depuraci¾n
     1>PocoCryptomdd.lib(X509Certificate.obj) : warning LNK4099: no se encontr¾ PDB 'vc110.pdb' con 'PocoCryptomdd.lib(X509Certificate.obj)' o en 'C:\Users\Dante\Documents\of_v0.8.0_vs_release\apps\myApps\Cuadrado\bin\vc110.pdb'; se vincularß el objeto sin tener en cuenta informaci¾n de depuraci¾n
     1>PocoCryptomdd.lib(OpenSSLInitializer.obj) : warning LNK4099: no se encontr¾ PDB 'vc110.pdb' con 'PocoCryptomdd.lib(OpenSSLInitializer.obj)' o en 'C:\Users\Dante\Documents\of_v0.8.0_vs_release\apps\myApps\Cuadrado\bin\vc110.pdb'; se vincularß el objeto sin tener en cuenta informaci¾n de depuraci¾n
         Cuadrado.vcxproj -> C:\Users\Dante\Documents\of_v0.8.0_vs_release\apps\myApps\Cuadrado\bin\Cuadrado_debug.exe
       PostBuildEvent:
         xcopy /e /i /y "C:\Users\Dante\Documents\of_v0.8.0_vs_release\apps\myApps\Cuadrado\..\..\..\export\vs\*.dll" "C:\Users\Dante\Documents\of_v0.8.0_vs_release\apps\myApps\Cuadrado\bin"
         :VCEnd
         C:\Users\Dante\Documents\of_v0.8.0_vs_release\apps\myApps\Cuadrado\..\..\..\export\vs\Assimp32.dll
         C:\Users\Dante\Documents\of_v0.8.0_vs_release\apps\myApps\Cuadrado\..\..\..\export\vs\fmodex.dll
         C:\Users\Dante\Documents\of_v0.8.0_vs_release\apps\myApps\Cuadrado\..\..\..\export\vs\fmodexL.dll
         C:\Users\Dante\Documents\of_v0.8.0_vs_release\apps\myApps\Cuadrado\..\..\..\export\vs\FreeImage.dll
         C:\Users\Dante\Documents\of_v0.8.0_vs_release\apps\myApps\Cuadrado\..\..\..\export\vs\FreeType-6.dll
         C:\Users\Dante\Documents\of_v0.8.0_vs_release\apps\myApps\Cuadrado\..\..\..\export\vs\glut32.dll
         C:\Users\Dante\Documents\of_v0.8.0_vs_release\apps\myApps\Cuadrado\..\..\..\export\vs\libeay32.dll
         C:\Users\Dante\Documents\of_v0.8.0_vs_release\apps\myApps\Cuadrado\..\..\..\export\vs\ssleay32.dll
         C:\Users\Dante\Documents\of_v0.8.0_vs_release\apps\myApps\Cuadrado\..\..\..\export\vs\Zlib.dll
         9 archivo(s) copiado(s)
     1>Compilación del proyecto terminada "C:\Users\Dante\Documents\of_v0.8.0_vs_release\apps\myApps\Cuadrado\Cuadrado.vcxproj" (Build destinos).

Compilación correcta.

Tiempo transcurrido 00:00:23.52
